<?xml version="1.0" encoding="UTF-8"?>
<testsuites name="5 Sec" time="1177.151" tests="30" failures="17" errors="0">
   <testsuite name="5 Sec" tests="30" failures="17" errors="0" time="1177.151" skipped="0" timestamp="12-09-2024T15:28:49" hostname="Elite66 - DEV66" id="Test Suites/5 Sec">
      <properties>
[...]
</properties>
      <testcase name="Test Cases/Ledger Report/View Ledger Commodity 2024-25" time="49.241" classname="Test Cases/Ledger Report/View Ledger Commodity 2024-25" status="FAILED">
         <failure type="FAILED" message="Test Cases/Ledger Report/View Ledger Commodity 2024-25 FAILED.&#xa;Reason:&#xa;com.kms.katalon.core.exception.StepFailedException: Failed to get text from element&#xa;	at com.kms.katalon.core.mobile.keyword.internal.MobileKeywordMain.stepFailed(MobileKeywordMain.groovy:38)&#xa;	at com.kms.katalon.core.mobile.keyword.internal.MobileKeywordMain.runKeyword(MobileKeywordMain.groovy:21)&#xa;	at com.kms.katalon.core.mobile.keyword.builtin.GetTextKeyword.getText(GetTextKeyword.groovy:51)&#xa;	at com.kms.katalon.core.mobile.keyword.builtin.GetTextKeyword.execute(GetTextKeyword.groovy:35)&#xa;	at com.kms.katalon.core.keyword.internal.KeywordExecutor.executeKeywordForPlatform(KeywordExecutor.groovy:74)&#xa;	at com.kms.katalon.core.mobile.keyword.MobileBuiltInKeywords.getText(MobileBuiltInKeywords.groovy:1274)&#xa;	at View Ledger Commodity 2024-25.run(View Ledger Commodity 2024-25:37)&#xa;	at com.kms.katalon.core.main.ScriptEngine.run(ScriptEngine.java:194)&#xa;	at com.kms.katalon.core.main.ScriptEngine.runScriptAsRawText(ScriptEngine.java:119)&#xa;	at com.kms.katalon.core.main.TestCaseExecutor.runScript(TestCaseExecutor.java:448)&#xa;	at com.kms.katalon.core.main.TestCaseExecutor.doExecute(TestCaseExecutor.java:439)&#xa;	at com.kms.katalon.core.main.TestCaseExecutor.processExecutionPhase(TestCaseExecutor.java:418)&#xa;	at com.kms.katalon.core.main.TestCaseExecutor.accessMainPhase(TestCaseExecutor.java:410)&#xa;	at com.kms.katalon.core.main.TestCaseExecutor.execute(TestCaseExecutor.java:285)&#xa;	at com.kms.katalon.core.common.CommonExecutor.accessTestCaseMainPhase(CommonExecutor.java:65)&#xa;	at com.kms.katalon.core.main.TestSuiteExecutor.accessTestSuiteMainPhase(TestSuiteExecutor.java:150)&#xa;	at com.kms.katalon.core.main.TestSuiteExecutor.execute(TestSuiteExecutor.java:106)&#xa;	at com.kms.katalon.core.main.TestCaseMain.startTestSuite(TestCaseMain.java:180)&#xa;	at TempTestSuite1726135123204.run(TempTestSuite1726135123204.groovy:35)&#xa;	at java.base/jdk.internal.reflect.NativeMethodAccessorImpl.invoke0(Native Method)&#xa;	at java.base/jdk.internal.reflect.NativeMethodAccessorImpl.invoke(NativeMethodAccessorImpl.java:77)&#xa;	at java.base/jdk.internal.reflect.DelegatingMethodAccessorImpl.invoke(DelegatingMethodAccessorImpl.java:43)&#xa;Caused by: com.kms.katalon.core.exception.StepFailedException: Object Object Repository/LoginRepo/Wait-Element Identify not found&#xa;	at com.kms.katalon.core.mobile.keyword.internal.MobileKeywordMain.stepFailed(MobileKeywordMain.groovy:38)&#xa;	at com.kms.katalon.core.mobile.keyword.builtin.GetTextKeyword$_getText_closure1.doCall(GetTextKeyword.groovy:45)&#xa;	at com.kms.katalon.core.mobile.keyword.builtin.GetTextKeyword$_getText_closure1.call(GetTextKeyword.groovy)&#xa;	at com.kms.katalon.core.mobile.keyword.internal.MobileKeywordMain.runKeyword(MobileKeywordMain.groovy:19)&#xa;	... 20 more&#xa;"/>
         <system-out><![CDATA[12-09-2024T15:28:49 - [TEST_CASE][FAILED] - Test Cases/Ledger Report/View Ledger Commodity 2024-25: Test Cases/Ledger Report/View Ledger Commodity 2024-25 FAILED.
Reason:
com.kms.katalon.core.exception.StepFailedException: Failed to get text from element
	at com.kms.katalon.core.mobile.keyword.internal.MobileKeywordMain.stepFailed(MobileKeywordMain.groovy:38)
	at com.kms.katalon.core.mobile.keyword.internal.MobileKeywordMain.runKeyword(MobileKeywordMain.groovy:21)
	at com.kms.katalon.core.mobile.keyword.builtin.GetTextKeyword.getText(GetTextKeyword.groovy:51)
	at com.kms.katalon.core.mobile.keyword.builtin.GetTextKeyword.execute(GetTextKeyword.groovy:35)
	at com.kms.katalon.core.keyword.internal.KeywordExecutor.executeKeywordForPlatform(KeywordExecutor.groovy:74)
	at com.kms.katalon.core.mobile.keyword.MobileBuiltInKeywords.getText(MobileBuiltInKeywords.groovy:1274)
	at View Ledger Commodity 2024-25.run(View Ledger Commodity 2024-25:37)
	at com.kms.katalon.core.main.ScriptEngine.run(ScriptEngine.java:194)
	at com.kms.katalon.core.main.ScriptEngine.runScriptAsRawText(ScriptEngine.java:119)
	at com.kms.katalon.core.main.TestCaseExecutor.runScript(TestCaseExecutor.java:448)
	at com.kms.katalon.core.main.TestCaseExecutor.doExecute(TestCaseExecutor.java:439)
	at com.kms.katalon.core.main.TestCaseExecutor.processExecutionPhase(TestCaseExecutor.java:418)
	at com.kms.katalon.core.main.TestCaseExecutor.accessMainPhase(TestCaseExecutor.java:410)
	at com.kms.katalon.core.main.TestCaseExecutor.execute(TestCaseExecutor.java:285)
	at com.kms.katalon.core.common.CommonExecutor.accessTestCaseMainPhase(CommonExecutor.java:65)
	at com.kms.katalon.core.main.TestSuiteExecutor.accessTestSuiteMainPhase(TestSuiteExecutor.java:150)
	at com.kms.katalon.core.main.TestSuiteExecutor.execute(TestSuiteExecutor.java:106)
	at com.kms.katalon.core.main.TestCaseMain.startTestSuite(TestCaseMain.java:180)
	at TempTestSuite1726135123204.run(TempTestSuite1726135123204.groovy:35)
	at java.base/jdk.internal.reflect.NativeMethodAccessorImpl.invoke0(Native Method)
	at java.base/jdk.internal.reflect.NativeMethodAccessorImpl.invoke(NativeMethodAccessorImpl.java:77)
	at java.base/jdk.internal.reflect.DelegatingMethodAccessorImpl.invoke(DelegatingMethodAccessorImpl.java:43)
Caused by: com.kms.katalon.core.exception.StepFailedException: Object Object Repository/LoginRepo/Wait-Element Identify not found
	at com.kms.katalon.core.mobile.keyword.internal.MobileKeywordMain.stepFailed(MobileKeywordMain.groovy:38)
	at com.kms.katalon.core.mobile.keyword.builtin.GetTextKeyword$_getText_closure1.doCall(GetTextKeyword.groovy:45)
	at com.kms.katalon.core.mobile.keyword.builtin.GetTextKeyword$_getText_closure1.call(GetTextKeyword.groovy)
	at com.kms.katalon.core.mobile.keyword.internal.MobileKeywordMain.runKeyword(MobileKeywordMain.groovy:19)
	... 20 more


12-09-2024T15:28:49 - [TEST_STEP][PASSED] - callTestCase(findTestCase("Test Cases/Login/Login"), null, STOP_ON_FAILURE): Call Test Case 'Test Cases/Login/Login' successfully

12-09-2024T15:28:49 - [TEST_CASE][PASSED] - Test Cases/Login/Login: Test Cases/Login/Login

12-09-2024T15:28:49 - [TEST_STEP][PASSED] - projectDir = getProjectDir(): null

12-09-2024T15:28:49 - [TEST_STEP][PASSED] - startApplication(projectDir + "/SpaceApp/SpaceApp_1.0.34.55_LIVE.apk", true): Started application: 'C:\Users\Elite66\git\Space-Visual\SpaceApp\SpaceApp_1.0.34.55_LIVE.apk'

12-09-2024T15:28:49 - [MESSAGE][INFO] - Starting application: 'C:\Users\Elite66\git\Space-Visual\SpaceApp\SpaceApp_1.0.34.55_LIVE.apk'

12-09-2024T15:28:49 - [MESSAGE][INFO] - Detected NodeJS location: "C:\Program Files\nodejs\node.exe"

12-09-2024T15:28:55 - [MESSAGE][INFO] - PATH: C:\Program Files\nodejs;

12-09-2024T15:28:55 - [MESSAGE][INFO] - APPIUM_HOME: C:\Users\Elite66\AppData\Roaming\npm\node_modules\appium\build\lib\main.js

12-09-2024T15:28:55 - [MESSAGE][INFO] - appium outlog: C:\Users\Elite66\git\Space-Visual\Reports\20240912_152843\5 Sec\20240912_152843\appium.log

12-09-2024T15:28:55 - [MESSAGE][INFO] - appium errlog: C:\Users\Elite66\git\Space-Visual\Reports\20240912_152843\5 Sec\20240912_152843\appium_error.log

12-09-2024T15:28:56 - [MESSAGE][INFO] - Appium server started on port 60,535

12-09-2024T15:29:08 - [MESSAGE][PASSED] - Started application: 'C:\Users\Elite66\git\Space-Visual\SpaceApp\SpaceApp_1.0.34.55_LIVE.apk'

12-09-2024T15:29:08 - [TEST_STEP][PASSED] - delay(5): Delayed 5 second(s)

12-09-2024T15:29:13 - [MESSAGE][PASSED] - Delayed 5 second(s)

12-09-2024T15:29:13 - [TEST_STEP][PASSED] - tap(findTestObject("Object Repository/LoginRepo/click button"), 0): Tapped on element 'Object Repository/LoginRepo/click button'

12-09-2024T15:29:13 - [MESSAGE][WARNING] - Timeout '0' is invalid. Using default page load timeout: '5'

12-09-2024T15:29:14 - [MESSAGE][PASSED] - Tapped on element 'Object Repository/LoginRepo/click button'

12-09-2024T15:29:14 - [TEST_STEP][PASSED] - setText(findTestObject("Object Repository/LoginRepo/Enter id"), "m3903", 0): Text 'm3903' has been set to element 'Object Repository/LoginRepo/Enter id'

12-09-2024T15:29:14 - [MESSAGE][WARNING] - Timeout '0' is invalid. Using default page load timeout: '5'

12-09-2024T15:29:16 - [MESSAGE][PASSED] - Text 'm3903' has been set to element 'Object Repository/LoginRepo/Enter id'

12-09-2024T15:29:16 - [TEST_STEP][PASSED] - setText(findTestObject("Object Repository/LoginRepo/Enter pass"), "Nirav@789", 0): Text 'Nirav@789' has been set to element 'Object Repository/LoginRepo/Enter pass'

12-09-2024T15:29:16 - [MESSAGE][WARNING] - Timeout '0' is invalid. Using default page load timeout: '5'

12-09-2024T15:29:17 - [MESSAGE][PASSED] - Text 'Nirav@789' has been set to element 'Object Repository/LoginRepo/Enter pass'

12-09-2024T15:29:17 - [TEST_STEP][PASSED] - tap(findTestObject("Object Repository/LoginRepo/click login"), 0): Tapped on element 'Object Repository/LoginRepo/click login'

12-09-2024T15:29:17 - [MESSAGE][WARNING] - Timeout '0' is invalid. Using default page load timeout: '5'

12-09-2024T15:29:19 - [MESSAGE][PASSED] - Tapped on element 'Object Repository/LoginRepo/click login'

12-09-2024T15:29:19 - [TEST_STEP][PASSED] - tap(findTestObject("Object Repository/LoginRepo/Enter Pin"), 0): Tapped on element 'Object Repository/LoginRepo/Enter Pin'

12-09-2024T15:29:19 - [MESSAGE][WARNING] - Timeout '0' is invalid. Using default page load timeout: '5'

12-09-2024T15:29:19 - [MESSAGE][PASSED] - Tapped on element 'Object Repository/LoginRepo/Enter Pin'

12-09-2024T15:29:19 - [TEST_STEP][PASSED] - setText(findTestObject("Object Repository/LoginRepo/Enter Pin"), "1234", 0): Text '1234' has been set to element 'Object Repository/LoginRepo/Enter Pin'

12-09-2024T15:29:19 - [MESSAGE][WARNING] - Timeout '0' is invalid. Using default page load timeout: '5'

12-09-2024T15:29:22 - [MESSAGE][PASSED] - Text '1234' has been set to element 'Object Repository/LoginRepo/Enter Pin'

12-09-2024T15:29:22 - [MESSAGE][PASSED] - Call Test Case 'Test Cases/Login/Login' successfully

12-09-2024T15:29:22 - [TEST_STEP][PASSED] - tap(findTestObject("Object Repository/LoginRepo/Report Click"), 0): Tapped on element 'Object Repository/LoginRepo/Report Click'

12-09-2024T15:29:22 - [MESSAGE][WARNING] - Timeout '0' is invalid. Using default page load timeout: '5'

12-09-2024T15:29:23 - [MESSAGE][PASSED] - Tapped on element 'Object Repository/LoginRepo/Report Click'

12-09-2024T15:29:23 - [TEST_STEP][PASSED] - tap(findTestObject("Object Repository/LoginRepo/Ledger Click"), 0, CONTINUE_ON_FAILURE): Tapped on element 'Object Repository/LoginRepo/Ledger Click'

12-09-2024T15:29:23 - [MESSAGE][WARNING] - Timeout '0' is invalid. Using default page load timeout: '5'

12-09-2024T15:29:25 - [MESSAGE][PASSED] - Tapped on element 'Object Repository/LoginRepo/Ledger Click'

12-09-2024T15:29:25 - [TEST_STEP][PASSED] - tap(findTestObject("Object Repository/LoginRepo/Segment Click"), 0): Tapped on element 'Object Repository/LoginRepo/Segment Click'

12-09-2024T15:29:25 - [MESSAGE][WARNING] - Timeout '0' is invalid. Using default page load timeout: '5'

12-09-2024T15:29:25 - [MESSAGE][PASSED] - Tapped on element 'Object Repository/LoginRepo/Segment Click'

12-09-2024T15:29:25 - [TEST_STEP][PASSED] - tap(findTestObject("Object Repository/LoginRepo/Commodity Report"), 0): Tapped on element 'Object Repository/LoginRepo/Commodity Report'

12-09-2024T15:29:25 - [MESSAGE][WARNING] - Timeout '0' is invalid. Using default page load timeout: '5'

12-09-2024T15:29:27 - [MESSAGE][PASSED] - Tapped on element 'Object Repository/LoginRepo/Commodity Report'

12-09-2024T15:29:27 - [TEST_STEP][PASSED] - tap(findTestObject("Object Repository/LoginRepo/View Ledger"), 0, CONTINUE_ON_FAILURE): Tapped on element 'Object Repository/LoginRepo/View Ledger'

12-09-2024T15:29:27 - [MESSAGE][WARNING] - Timeout '0' is invalid. Using default page load timeout: '5'

12-09-2024T15:29:28 - [MESSAGE][PASSED] - Tapped on element 'Object Repository/LoginRepo/View Ledger'

12-09-2024T15:29:28 - [TEST_STEP][PASSED] - getText(findTestObject("Object Repository/LoginRepo/Wait-Element Identify"), 0): Text of element 'Object Repository/LoginRepo/Wait-Element Identify' is: ''

12-09-2024T15:29:28 - [MESSAGE][WARNING] - Timeout '0' is invalid. Using default page load timeout: '5'

12-09-2024T15:29:31 - [MESSAGE][PASSED] - Text of element 'Object Repository/LoginRepo/Wait-Element Identify' is: ''

12-09-2024T15:29:31 - [TEST_STEP][PASSED] - tap(findTestObject("Object Repository/LoginRepo/Ledger-7days"), 0, CONTINUE_ON_FAILURE): Tapped on element 'Object Repository/LoginRepo/Ledger-7days'

12-09-2024T15:29:31 - [MESSAGE][WARNING] - Timeout '0' is invalid. Using default page load timeout: '5'

12-09-2024T15:29:32 - [MESSAGE][PASSED] - Tapped on element 'Object Repository/LoginRepo/Ledger-7days'

12-09-2024T15:29:32 - [TEST_STEP][FAILED] - getText(findTestObject("Object Repository/LoginRepo/Wait-Element Identify"), 0): Failed to get text from element (Root cause: com.kms.katalon.core.exception.StepFailedException: Failed to get text from element
	at com.kms.katalon.core.mobile.keyword.internal.MobileKeywordMain.stepFailed(MobileKeywordMain.groovy:38)
	at com.kms.katalon.core.mobile.keyword.internal.MobileKeywordMain.runKeyword(MobileKeywordMain.groovy:21)
	at com.kms.katalon.core.mobile.keyword.builtin.GetTextKeyword.getText(GetTextKeyword.groovy:51)
	at com.kms.katalon.core.mobile.keyword.builtin.GetTextKeyword.execute(GetTextKeyword.groovy:35)
	at com.kms.katalon.core.keyword.internal.KeywordExecutor.executeKeywordForPlatform(KeywordExecutor.groovy:74)
	at com.kms.katalon.core.mobile.keyword.MobileBuiltInKeywords.getText(MobileBuiltInKeywords.groovy:1274)
	at View Ledger Commodity 2024-25.run(View Ledger Commodity 2024-25:37)
	at com.kms.katalon.core.main.ScriptEngine.run(ScriptEngine.java:194)
	at com.kms.katalon.core.main.ScriptEngine.runScriptAsRawText(ScriptEngine.java:119)
	at com.kms.katalon.core.main.TestCaseExecutor.runScript(TestCaseExecutor.java:448)
	at com.kms.katalon.core.main.TestCaseExecutor.doExecute(TestCaseExecutor.java:439)
	at com.kms.katalon.core.main.TestCaseExecutor.processExecutionPhase(TestCaseExecutor.java:418)
	at com.kms.katalon.core.main.TestCaseExecutor.accessMainPhase(TestCaseExecutor.java:410)
	at com.kms.katalon.core.main.TestCaseExecutor.execute(TestCaseExecutor.java:285)
	at com.kms.katalon.core.common.CommonExecutor.accessTestCaseMainPhase(CommonExecutor.java:65)
	at com.kms.katalon.core.main.TestSuiteExecutor.accessTestSuiteMainPhase(TestSuiteExecutor.java:150)
	at com.kms.katalon.core.main.TestSuiteExecutor.execute(TestSuiteExecutor.java:106)
	at com.kms.katalon.core.main.TestCaseMain.startTestSuite(TestCaseMain.java:180)
	at TempTestSuite1726135123204.run(TempTestSuite1726135123204.groovy:35)
	at java.base/jdk.internal.reflect.NativeMethodAccessorImpl.invoke0(Native Method)
	at java.base/jdk.internal.reflect.NativeMethodAccessorImpl.invoke(NativeMethodAccessorImpl.java:77)
	at java.base/jdk.internal.reflect.DelegatingMethodAccessorImpl.invoke(DelegatingMethodAccessorImpl.java:43)
Caused by: com.kms.katalon.core.exception.StepFailedException: Object Object Repository/LoginRepo/Wait-Element Identify not found
	at com.kms.katalon.core.mobile.keyword.internal.MobileKeywordMain.stepFailed(MobileKeywordMain.groovy:38)
	at com.kms.katalon.core.mobile.keyword.builtin.GetTextKeyword$_getText_closure1.doCall(GetTextKeyword.groovy:45)
	at com.kms.katalon.core.mobile.keyword.builtin.GetTextKeyword$_getText_closure1.call(GetTextKeyword.groovy)
	at com.kms.katalon.core.mobile.keyword.internal.MobileKeywordMain.runKeyword(MobileKeywordMain.groovy:19)
	... 20 more
)

12-09-2024T15:29:32 - [MESSAGE][WARNING] - Timeout '0' is invalid. Using default page load timeout: '5'

12-09-2024T15:29:38 - [MESSAGE][FAILED] - Object Object Repository/LoginRepo/Wait-Element Identify not found (Root cause: com.kms.katalon.core.exception.StepFailedException: Object Object Repository/LoginRepo/Wait-Element Identify not found
	at com.kms.katalon.core.mobile.keyword.internal.MobileKeywordMain.stepFailed(MobileKeywordMain.groovy:38)
	at com.kms.katalon.core.mobile.keyword.builtin.GetTextKeyword$_getText_closure1.doCall(GetTextKeyword.groovy:45)
	at com.kms.katalon.core.mobile.keyword.builtin.GetTextKeyword$_getText_closure1.call(GetTextKeyword.groovy)
	at com.kms.katalon.core.mobile.keyword.internal.MobileKeywordMain.runKeyword(MobileKeywordMain.groovy:19)
	at com.kms.katalon.core.mobile.keyword.builtin.GetTextKeyword.getText(GetTextKeyword.groovy:51)
	at com.kms.katalon.core.mobile.keyword.builtin.GetTextKeyword.execute(GetTextKeyword.groovy:35)
	at com.kms.katalon.core.keyword.internal.KeywordExecutor.executeKeywordForPlatform(KeywordExecutor.groovy:74)
	at com.kms.katalon.core.mobile.keyword.MobileBuiltInKeywords.getText(MobileBuiltInKeywords.groovy:1274)
	at View Ledger Commodity 2024-25.run(View Ledger Commodity 2024-25:37)
	at com.kms.katalon.core.main.ScriptEngine.run(ScriptEngine.java:194)
	at com.kms.katalon.core.main.ScriptEngine.runScriptAsRawText(ScriptEngine.java:119)
	at com.kms.katalon.core.main.TestCaseExecutor.runScript(TestCaseExecutor.java:448)
	at com.kms.katalon.core.main.TestCaseExecutor.doExecute(TestCaseExecutor.java:439)
	at com.kms.katalon.core.main.TestCaseExecutor.processExecutionPhase(TestCaseExecutor.java:418)
	at com.kms.katalon.core.main.TestCaseExecutor.accessMainPhase(TestCaseExecutor.java:410)
	at com.kms.katalon.core.main.TestCaseExecutor.execute(TestCaseExecutor.java:285)
	at com.kms.katalon.core.common.CommonExecutor.accessTestCaseMainPhase(CommonExecutor.java:65)
	at com.kms.katalon.core.main.TestSuiteExecutor.accessTestSuiteMainPhase(TestSuiteExecutor.java:150)
	at com.kms.katalon.core.main.TestSuiteExecutor.execute(TestSuiteExecutor.java:106)
	at com.kms.katalon.core.main.TestCaseMain.startTestSuite(TestCaseMain.java:180)
	at TempTestSuite1726135123204.run(TempTestSuite1726135123204.groovy:35)
	at java.base/jdk.internal.reflect.NativeMethodAccessorImpl.invoke0(Native Method)
	at java.base/jdk.internal.reflect.NativeMethodAccessorImpl.invoke(NativeMethodAccessorImpl.java:77)
	at java.base/jdk.internal.reflect.DelegatingMethodAccessorImpl.invoke(DelegatingMethodAccessorImpl.java:43)
)
[[ATTACHMENT|C:\\Users\\Elite66\\git\\Space-Visual\\Reports\\20240912_152843\\5 Sec\\20240912_152843\\1726135177481.png]]

12-09-2024T15:29:38 - [MESSAGE][FAILED] - Failed to get text from element (Root cause: com.kms.katalon.core.exception.StepFailedException: Failed to get text from element
	at com.kms.katalon.core.mobile.keyword.internal.MobileKeywordMain.stepFailed(MobileKeywordMain.groovy:38)
	at com.kms.katalon.core.mobile.keyword.internal.MobileKeywordMain.runKeyword(MobileKeywordMain.groovy:21)
	at com.kms.katalon.core.mobile.keyword.builtin.GetTextKeyword.getText(GetTextKeyword.groovy:51)
	at com.kms.katalon.core.mobile.keyword.builtin.GetTextKeyword.execute(GetTextKeyword.groovy:35)
	at com.kms.katalon.core.keyword.internal.KeywordExecutor.executeKeywordForPlatform(KeywordExecutor.groovy:74)
	at com.kms.katalon.core.mobile.keyword.MobileBuiltInKeywords.getText(MobileBuiltInKeywords.groovy:1274)
	at View Ledger Commodity 2024-25.run(View Ledger Commodity 2024-25:37)
	at com.kms.katalon.core.main.ScriptEngine.run(ScriptEngine.java:194)
	at com.kms.katalon.core.main.ScriptEngine.runScriptAsRawText(ScriptEngine.java:119)
	at com.kms.katalon.core.main.TestCaseExecutor.runScript(TestCaseExecutor.java:448)
	at com.kms.katalon.core.main.TestCaseExecutor.doExecute(TestCaseExecutor.java:439)
	at com.kms.katalon.core.main.TestCaseExecutor.processExecutionPhase(TestCaseExecutor.java:418)
	at com.kms.katalon.core.main.TestCaseExecutor.accessMainPhase(TestCaseExecutor.java:410)
	at com.kms.katalon.core.main.TestCaseExecutor.execute(TestCaseExecutor.java:285)
	at com.kms.katalon.core.common.CommonExecutor.accessTestCaseMainPhase(CommonExecutor.java:65)
	at com.kms.katalon.core.main.TestSuiteExecutor.accessTestSuiteMainPhase(TestSuiteExecutor.java:150)
	at com.kms.katalon.core.main.TestSuiteExecutor.execute(TestSuiteExecutor.java:106)
	at com.kms.katalon.core.main.TestCaseMain.startTestSuite(TestCaseMain.java:180)
	at TempTestSuite1726135123204.run(TempTestSuite1726135123204.groovy:35)
	at java.base/jdk.internal.reflect.NativeMethodAccessorImpl.invoke0(Native Method)
	at java.base/jdk.internal.reflect.NativeMethodAccessorImpl.invoke(NativeMethodAccessorImpl.java:77)
	at java.base/jdk.internal.reflect.DelegatingMethodAccessorImpl.invoke(DelegatingMethodAccessorImpl.java:43)
Caused by: com.kms.katalon.core.exception.StepFailedException: Object Object Repository/LoginRepo/Wait-Element Identify not found
	at com.kms.katalon.core.mobile.keyword.internal.MobileKeywordMain.stepFailed(MobileKeywordMain.groovy:38)
	at com.kms.katalon.core.mobile.keyword.builtin.GetTextKeyword$_getText_closure1.doCall(GetTextKeyword.groovy:45)
	at com.kms.katalon.core.mobile.keyword.builtin.GetTextKeyword$_getText_closure1.call(GetTextKeyword.groovy)
	at com.kms.katalon.core.mobile.keyword.internal.MobileKeywordMain.runKeyword(MobileKeywordMain.groovy:19)
	... 20 more
)
[[ATTACHMENT|C:\\Users\\Elite66\\git\\Space-Visual\\Reports\\20240912_152843\\5 Sec\\20240912_152843\\1726135178120.png]]]]></system-out>
         <system-err><![CDATA[12-09-2024T15:28:49 - [TEST_CASE][FAILED] - Test Cases/Ledger Report/View Ledger Commodity 2024-25: Test Cases/Ledger Report/View Ledger Commodity 2024-25 FAILED.
Reason:
com.kms.katalon.core.exception.StepFailedException: Failed to get text from element
	at com.kms.katalon.core.mobile.keyword.internal.MobileKeywordMain.stepFailed(MobileKeywordMain.groovy:38)
	at com.kms.katalon.core.mobile.keyword.internal.MobileKeywordMain.runKeyword(MobileKeywordMain.groovy:21)
	at com.kms.katalon.core.mobile.keyword.builtin.GetTextKeyword.getText(GetTextKeyword.groovy:51)
	at com.kms.katalon.core.mobile.keyword.builtin.GetTextKeyword.execute(GetTextKeyword.groovy:35)
	at com.kms.katalon.core.keyword.internal.KeywordExecutor.executeKeywordForPlatform(KeywordExecutor.groovy:74)
	at com.kms.katalon.core.mobile.keyword.MobileBuiltInKeywords.getText(MobileBuiltInKeywords.groovy:1274)
	at View Ledger Commodity 2024-25.run(View Ledger Commodity 2024-25:37)
	at com.kms.katalon.core.main.ScriptEngine.run(ScriptEngine.java:194)
	at com.kms.katalon.core.main.ScriptEngine.runScriptAsRawText(ScriptEngine.java:119)
	at com.kms.katalon.core.main.TestCaseExecutor.runScript(TestCaseExecutor.java:448)
	at com.kms.katalon.core.main.TestCaseExecutor.doExecute(TestCaseExecutor.java:439)
	at com.kms.katalon.core.main.TestCaseExecutor.processExecutionPhase(TestCaseExecutor.java:418)
	at com.kms.katalon.core.main.TestCaseExecutor.accessMainPhase(TestCaseExecutor.java:410)
	at com.kms.katalon.core.main.TestCaseExecutor.execute(TestCaseExecutor.java:285)
	at com.kms.katalon.core.common.CommonExecutor.accessTestCaseMainPhase(CommonExecutor.java:65)
	at com.kms.katalon.core.main.TestSuiteExecutor.accessTestSuiteMainPhase(TestSuiteExecutor.java:150)
	at com.kms.katalon.core.main.TestSuiteExecutor.execute(TestSuiteExecutor.java:106)
	at com.kms.katalon.core.main.TestCaseMain.startTestSuite(TestCaseMain.java:180)
	at TempTestSuite1726135123204.run(TempTestSuite1726135123204.groovy:35)
	at java.base/jdk.internal.reflect.NativeMethodAccessorImpl.invoke0(Native Method)
	at java.base/jdk.internal.reflect.NativeMethodAccessorImpl.invoke(NativeMethodAccessorImpl.java:77)
	at java.base/jdk.internal.reflect.DelegatingMethodAccessorImpl.invoke(DelegatingMethodAccessorImpl.java:43)
Caused by: com.kms.katalon.core.exception.StepFailedException: Object Object Repository/LoginRepo/Wait-Element Identify not found
	at com.kms.katalon.core.mobile.keyword.internal.MobileKeywordMain.stepFailed(MobileKeywordMain.groovy:38)
	at com.kms.katalon.core.mobile.keyword.builtin.GetTextKeyword$_getText_closure1.doCall(GetTextKeyword.groovy:45)
	at com.kms.katalon.core.mobile.keyword.builtin.GetTextKeyword$_getText_closure1.call(GetTextKeyword.groovy)
	at com.kms.katalon.core.mobile.keyword.internal.MobileKeywordMain.runKeyword(MobileKeywordMain.groovy:19)
	... 20 more]]></system-err>
      </testcase>
      <testcase name="Test Cases/Ledger Report/View Ledger Currency 2024-25" time="45.153" classname="Test Cases/Ledger Report/View Ledger Currency 2024-25" status="FAILED">
         <failure type="FAILED" message="Test Cases/Ledger Report/View Ledger Currency 2024-25 FAILED.&#xa;Reason:&#xa;com.kms.katalon.core.exception.StepFailedException: Failed to get text from element&#xa;	at com.kms.katalon.core.mobile.keyword.internal.MobileKeywordMain.stepFailed(MobileKeywordMain.groovy:38)&#xa;	at com.kms.katalon.core.mobile.keyword.internal.MobileKeywordMain.runKeyword(MobileKeywordMain.groovy:21)&#xa;	at com.kms.katalon.core.mobile.keyword.builtin.GetTextKeyword.getText(GetTextKeyword.groovy:51)&#xa;	at com.kms.katalon.core.mobile.keyword.builtin.GetTextKeyword.execute(GetTextKeyword.groovy:35)&#xa;	at com.kms.katalon.core.keyword.internal.KeywordExecutor.executeKeywordForPlatform(KeywordExecutor.groovy:74)&#xa;	at com.kms.katalon.core.mobile.keyword.MobileBuiltInKeywords.getText(MobileBuiltInKeywords.groovy:1274)&#xa;	at View Ledger Currency 2024-25.run(View Ledger Currency 2024-25:37)&#xa;	at com.kms.katalon.core.main.ScriptEngine.run(ScriptEngine.java:194)&#xa;	at com.kms.katalon.core.main.ScriptEngine.runScriptAsRawText(ScriptEngine.java:119)&#xa;	at com.kms.katalon.core.main.TestCaseExecutor.runScript(TestCaseExecutor.java:448)&#xa;	at com.kms.katalon.core.main.TestCaseExecutor.doExecute(TestCaseExecutor.java:439)&#xa;	at com.kms.katalon.core.main.TestCaseExecutor.processExecutionPhase(TestCaseExecutor.java:418)&#xa;	at com.kms.katalon.core.main.TestCaseExecutor.accessMainPhase(TestCaseExecutor.java:410)&#xa;	at com.kms.katalon.core.main.TestCaseExecutor.execute(TestCaseExecutor.java:285)&#xa;	at com.kms.katalon.core.common.CommonExecutor.accessTestCaseMainPhase(CommonExecutor.java:65)&#xa;	at com.kms.katalon.core.main.TestSuiteExecutor.accessTestSuiteMainPhase(TestSuiteExecutor.java:150)&#xa;	at com.kms.katalon.core.main.TestSuiteExecutor.execute(TestSuiteExecutor.java:106)&#xa;	at com.kms.katalon.core.main.TestCaseMain.startTestSuite(TestCaseMain.java:180)&#xa;	at TempTestSuite1726135123204.run(TempTestSuite1726135123204.groovy:35)&#xa;	at java.base/jdk.internal.reflect.NativeMethodAccessorImpl.invoke0(Native Method)&#xa;	at java.base/jdk.internal.reflect.NativeMethodAccessorImpl.invoke(NativeMethodAccessorImpl.java:77)&#xa;	at java.base/jdk.internal.reflect.DelegatingMethodAccessorImpl.invoke(DelegatingMethodAccessorImpl.java:43)&#xa;Caused by: com.kms.katalon.core.exception.StepFailedException: Object Object Repository/LoginRepo/Wait-Element Identify not found&#xa;	at com.kms.katalon.core.mobile.keyword.internal.MobileKeywordMain.stepFailed(MobileKeywordMain.groovy:38)&#xa;	at com.kms.katalon.core.mobile.keyword.builtin.GetTextKeyword$_getText_closure1.doCall(GetTextKeyword.groovy:45)&#xa;	at com.kms.katalon.core.mobile.keyword.builtin.GetTextKeyword$_getText_closure1.call(GetTextKeyword.groovy)&#xa;	at com.kms.katalon.core.mobile.keyword.internal.MobileKeywordMain.runKeyword(MobileKeywordMain.groovy:19)&#xa;	... 20 more&#xa;"/>
         <system-out><![CDATA[12-09-2024T15:29:38 - [TEST_CASE][FAILED] - Test Cases/Ledger Report/View Ledger Currency 2024-25: Test Cases/Ledger Report/View Ledger Currency 2024-25 FAILED.
Reason:
com.kms.katalon.core.exception.StepFailedException: Failed to get text from element
	at com.kms.katalon.core.mobile.keyword.internal.MobileKeywordMain.stepFailed(MobileKeywordMain.groovy:38)
	at com.kms.katalon.core.mobile.keyword.internal.MobileKeywordMain.runKeyword(MobileKeywordMain.groovy:21)
	at com.kms.katalon.core.mobile.keyword.builtin.GetTextKeyword.getText(GetTextKeyword.groovy:51)
	at com.kms.katalon.core.mobile.keyword.builtin.GetTextKeyword.execute(GetTextKeyword.groovy:35)
	at com.kms.katalon.core.keyword.internal.KeywordExecutor.executeKeywordForPlatform(KeywordExecutor.groovy:74)
	at com.kms.katalon.core.mobile.keyword.MobileBuiltInKeywords.getText(MobileBuiltInKeywords.groovy:1274)
	at View Ledger Currency 2024-25.run(View Ledger Currency 2024-25:37)
	at com.kms.katalon.core.main.ScriptEngine.run(ScriptEngine.java:194)
	at com.kms.katalon.core.main.ScriptEngine.runScriptAsRawText(ScriptEngine.java:119)
	at com.kms.katalon.core.main.TestCaseExecutor.runScript(TestCaseExecutor.java:448)
	at com.kms.katalon.core.main.TestCaseExecutor.doExecute(TestCaseExecutor.java:439)
	at com.kms.katalon.core.main.TestCaseExecutor.processExecutionPhase(TestCaseExecutor.java:418)
	at com.kms.katalon.core.main.TestCaseExecutor.accessMainPhase(TestCaseExecutor.java:410)
	at com.kms.katalon.core.main.TestCaseExecutor.execute(TestCaseExecutor.java:285)
	at com.kms.katalon.core.common.CommonExecutor.accessTestCaseMainPhase(CommonExecutor.java:65)
	at com.kms.katalon.core.main.TestSuiteExecutor.accessTestSuiteMainPhase(TestSuiteExecutor.java:150)
	at com.kms.katalon.core.main.TestSuiteExecutor.execute(TestSuiteExecutor.java:106)
	at com.kms.katalon.core.main.TestCaseMain.startTestSuite(TestCaseMain.java:180)
	at TempTestSuite1726135123204.run(TempTestSuite1726135123204.groovy:35)
	at java.base/jdk.internal.reflect.NativeMethodAccessorImpl.invoke0(Native Method)
	at java.base/jdk.internal.reflect.NativeMethodAccessorImpl.invoke(NativeMethodAccessorImpl.java:77)
	at java.base/jdk.internal.reflect.DelegatingMethodAccessorImpl.invoke(DelegatingMethodAccessorImpl.java:43)
Caused by: com.kms.katalon.core.exception.StepFailedException: Object Object Repository/LoginRepo/Wait-Element Identify not found
	at com.kms.katalon.core.mobile.keyword.internal.MobileKeywordMain.stepFailed(MobileKeywordMain.groovy:38)
	at com.kms.katalon.core.mobile.keyword.builtin.GetTextKeyword$_getText_closure1.doCall(GetTextKeyword.groovy:45)
	at com.kms.katalon.core.mobile.keyword.builtin.GetTextKeyword$_getText_closure1.call(GetTextKeyword.groovy)
	at com.kms.katalon.core.mobile.keyword.internal.MobileKeywordMain.runKeyword(MobileKeywordMain.groovy:19)
	... 20 more


12-09-2024T15:29:38 - [TEST_STEP][PASSED] - callTestCase(findTestCase("Test Cases/Login/Login"), null, STOP_ON_FAILURE): Call Test Case 'Test Cases/Login/Login' successfully

12-09-2024T15:29:38 - [TEST_CASE][PASSED] - Test Cases/Login/Login: Test Cases/Login/Login

12-09-2024T15:29:38 - [TEST_STEP][PASSED] - projectDir = getProjectDir(): null

12-09-2024T15:29:38 - [TEST_STEP][PASSED] - startApplication(projectDir + "/SpaceApp/SpaceApp_1.0.34.55_LIVE.apk", true): Started application: 'C:\Users\Elite66\git\Space-Visual\SpaceApp\SpaceApp_1.0.34.55_LIVE.apk'

12-09-2024T15:29:38 - [MESSAGE][INFO] - Starting application: 'C:\Users\Elite66\git\Space-Visual\SpaceApp\SpaceApp_1.0.34.55_LIVE.apk'

12-09-2024T15:29:53 - [MESSAGE][PASSED] - Started application: 'C:\Users\Elite66\git\Space-Visual\SpaceApp\SpaceApp_1.0.34.55_LIVE.apk'

12-09-2024T15:29:53 - [TEST_STEP][PASSED] - delay(5): Delayed 5 second(s)

12-09-2024T15:29:58 - [MESSAGE][PASSED] - Delayed 5 second(s)

12-09-2024T15:29:58 - [TEST_STEP][PASSED] - tap(findTestObject("Object Repository/LoginRepo/click button"), 0): Tapped on element 'Object Repository/LoginRepo/click button'

12-09-2024T15:29:58 - [MESSAGE][WARNING] - Timeout '0' is invalid. Using default page load timeout: '5'

12-09-2024T15:29:59 - [MESSAGE][PASSED] - Tapped on element 'Object Repository/LoginRepo/click button'

12-09-2024T15:29:59 - [TEST_STEP][PASSED] - setText(findTestObject("Object Repository/LoginRepo/Enter id"), "m3903", 0): Text 'm3903' has been set to element 'Object Repository/LoginRepo/Enter id'

12-09-2024T15:29:59 - [MESSAGE][WARNING] - Timeout '0' is invalid. Using default page load timeout: '5'

12-09-2024T15:30:00 - [MESSAGE][PASSED] - Text 'm3903' has been set to element 'Object Repository/LoginRepo/Enter id'

12-09-2024T15:30:00 - [TEST_STEP][PASSED] - setText(findTestObject("Object Repository/LoginRepo/Enter pass"), "Nirav@789", 0): Text 'Nirav@789' has been set to element 'Object Repository/LoginRepo/Enter pass'

12-09-2024T15:30:00 - [MESSAGE][WARNING] - Timeout '0' is invalid. Using default page load timeout: '5'

12-09-2024T15:30:02 - [MESSAGE][PASSED] - Text 'Nirav@789' has been set to element 'Object Repository/LoginRepo/Enter pass'

12-09-2024T15:30:02 - [TEST_STEP][PASSED] - tap(findTestObject("Object Repository/LoginRepo/click login"), 0): Tapped on element 'Object Repository/LoginRepo/click login'

12-09-2024T15:30:02 - [MESSAGE][WARNING] - Timeout '0' is invalid. Using default page load timeout: '5'

12-09-2024T15:30:04 - [MESSAGE][PASSED] - Tapped on element 'Object Repository/LoginRepo/click login'

12-09-2024T15:30:04 - [TEST_STEP][PASSED] - tap(findTestObject("Object Repository/LoginRepo/Enter Pin"), 0): Tapped on element 'Object Repository/LoginRepo/Enter Pin'

12-09-2024T15:30:04 - [MESSAGE][WARNING] - Timeout '0' is invalid. Using default page load timeout: '5'

12-09-2024T15:30:04 - [MESSAGE][PASSED] - Tapped on element 'Object Repository/LoginRepo/Enter Pin'

12-09-2024T15:30:04 - [TEST_STEP][PASSED] - setText(findTestObject("Object Repository/LoginRepo/Enter Pin"), "1234", 0): Text '1234' has been set to element 'Object Repository/LoginRepo/Enter Pin'

12-09-2024T15:30:04 - [MESSAGE][WARNING] - Timeout '0' is invalid. Using default page load timeout: '5'

12-09-2024T15:30:07 - [MESSAGE][PASSED] - Text '1234' has been set to element 'Object Repository/LoginRepo/Enter Pin'

12-09-2024T15:30:07 - [MESSAGE][PASSED] - Call Test Case 'Test Cases/Login/Login' successfully

12-09-2024T15:30:07 - [TEST_STEP][PASSED] - tap(findTestObject("Object Repository/LoginRepo/Report Click"), 0): Tapped on element 'Object Repository/LoginRepo/Report Click'

12-09-2024T15:30:07 - [MESSAGE][WARNING] - Timeout '0' is invalid. Using default page load timeout: '5'

12-09-2024T15:30:08 - [MESSAGE][PASSED] - Tapped on element 'Object Repository/LoginRepo/Report Click'

12-09-2024T15:30:08 - [TEST_STEP][PASSED] - tap(findTestObject("Object Repository/LoginRepo/Ledger Click"), 0, CONTINUE_ON_FAILURE): Tapped on element 'Object Repository/LoginRepo/Ledger Click'

12-09-2024T15:30:08 - [MESSAGE][WARNING] - Timeout '0' is invalid. Using default page load timeout: '5'

12-09-2024T15:30:10 - [MESSAGE][PASSED] - Tapped on element 'Object Repository/LoginRepo/Ledger Click'

12-09-2024T15:30:10 - [TEST_STEP][PASSED] - tap(findTestObject("Object Repository/LoginRepo/Segment Click"), 0): Tapped on element 'Object Repository/LoginRepo/Segment Click'

12-09-2024T15:30:10 - [MESSAGE][WARNING] - Timeout '0' is invalid. Using default page load timeout: '5'

12-09-2024T15:30:10 - [MESSAGE][PASSED] - Tapped on element 'Object Repository/LoginRepo/Segment Click'

12-09-2024T15:30:10 - [TEST_STEP][PASSED] - tap(findTestObject("Object Repository/LoginRepo/Currency Report"), 0): Tapped on element 'Object Repository/LoginRepo/Currency Report'

12-09-2024T15:30:10 - [MESSAGE][WARNING] - Timeout '0' is invalid. Using default page load timeout: '5'

12-09-2024T15:30:11 - [MESSAGE][PASSED] - Tapped on element 'Object Repository/LoginRepo/Currency Report'

12-09-2024T15:30:11 - [TEST_STEP][PASSED] - tap(findTestObject("Object Repository/LoginRepo/View Ledger"), 0, CONTINUE_ON_FAILURE): Tapped on element 'Object Repository/LoginRepo/View Ledger'

12-09-2024T15:30:11 - [MESSAGE][WARNING] - Timeout '0' is invalid. Using default page load timeout: '5'

12-09-2024T15:30:12 - [MESSAGE][PASSED] - Tapped on element 'Object Repository/LoginRepo/View Ledger'

12-09-2024T15:30:12 - [TEST_STEP][PASSED] - getText(findTestObject("Object Repository/LoginRepo/Wait-Element Identify"), 0): Text of element 'Object Repository/LoginRepo/Wait-Element Identify' is: ''

12-09-2024T15:30:12 - [MESSAGE][WARNING] - Timeout '0' is invalid. Using default page load timeout: '5'

12-09-2024T15:30:17 - [MESSAGE][PASSED] - Text of element 'Object Repository/LoginRepo/Wait-Element Identify' is: ''

12-09-2024T15:30:17 - [TEST_STEP][PASSED] - tap(findTestObject("Object Repository/LoginRepo/Ledger-7days"), 0, CONTINUE_ON_FAILURE): Tapped on element 'Object Repository/LoginRepo/Ledger-7days'

12-09-2024T15:30:17 - [MESSAGE][WARNING] - Timeout '0' is invalid. Using default page load timeout: '5'

12-09-2024T15:30:17 - [MESSAGE][PASSED] - Tapped on element 'Object Repository/LoginRepo/Ledger-7days'

12-09-2024T15:30:17 - [TEST_STEP][FAILED] - getText(findTestObject("Object Repository/LoginRepo/Wait-Element Identify"), 0): Failed to get text from element (Root cause: com.kms.katalon.core.exception.StepFailedException: Failed to get text from element
	at com.kms.katalon.core.mobile.keyword.internal.MobileKeywordMain.stepFailed(MobileKeywordMain.groovy:38)
	at com.kms.katalon.core.mobile.keyword.internal.MobileKeywordMain.runKeyword(MobileKeywordMain.groovy:21)
	at com.kms.katalon.core.mobile.keyword.builtin.GetTextKeyword.getText(GetTextKeyword.groovy:51)
	at com.kms.katalon.core.mobile.keyword.builtin.GetTextKeyword.execute(GetTextKeyword.groovy:35)
	at com.kms.katalon.core.keyword.internal.KeywordExecutor.executeKeywordForPlatform(KeywordExecutor.groovy:74)
	at com.kms.katalon.core.mobile.keyword.MobileBuiltInKeywords.getText(MobileBuiltInKeywords.groovy:1274)
	at View Ledger Currency 2024-25.run(View Ledger Currency 2024-25:37)
	at com.kms.katalon.core.main.ScriptEngine.run(ScriptEngine.java:194)
	at com.kms.katalon.core.main.ScriptEngine.runScriptAsRawText(ScriptEngine.java:119)
	at com.kms.katalon.core.main.TestCaseExecutor.runScript(TestCaseExecutor.java:448)
	at com.kms.katalon.core.main.TestCaseExecutor.doExecute(TestCaseExecutor.java:439)
	at com.kms.katalon.core.main.TestCaseExecutor.processExecutionPhase(TestCaseExecutor.java:418)
	at com.kms.katalon.core.main.TestCaseExecutor.accessMainPhase(TestCaseExecutor.java:410)
	at com.kms.katalon.core.main.TestCaseExecutor.execute(TestCaseExecutor.java:285)
	at com.kms.katalon.core.common.CommonExecutor.accessTestCaseMainPhase(CommonExecutor.java:65)
	at com.kms.katalon.core.main.TestSuiteExecutor.accessTestSuiteMainPhase(TestSuiteExecutor.java:150)
	at com.kms.katalon.core.main.TestSuiteExecutor.execute(TestSuiteExecutor.java:106)
	at com.kms.katalon.core.main.TestCaseMain.startTestSuite(TestCaseMain.java:180)
	at TempTestSuite1726135123204.run(TempTestSuite1726135123204.groovy:35)
	at java.base/jdk.internal.reflect.NativeMethodAccessorImpl.invoke0(Native Method)
	at java.base/jdk.internal.reflect.NativeMethodAccessorImpl.invoke(NativeMethodAccessorImpl.java:77)
	at java.base/jdk.internal.reflect.DelegatingMethodAccessorImpl.invoke(DelegatingMethodAccessorImpl.java:43)
Caused by: com.kms.katalon.core.exception.StepFailedException: Object Object Repository/LoginRepo/Wait-Element Identify not found
	at com.kms.katalon.core.mobile.keyword.internal.MobileKeywordMain.stepFailed(MobileKeywordMain.groovy:38)
	at com.kms.katalon.core.mobile.keyword.builtin.GetTextKeyword$_getText_closure1.doCall(GetTextKeyword.groovy:45)
	at com.kms.katalon.core.mobile.keyword.builtin.GetTextKeyword$_getText_closure1.call(GetTextKeyword.groovy)
	at com.kms.katalon.core.mobile.keyword.internal.MobileKeywordMain.runKeyword(MobileKeywordMain.groovy:19)
	... 20 more
)

12-09-2024T15:30:17 - [MESSAGE][WARNING] - Timeout '0' is invalid. Using default page load timeout: '5'

12-09-2024T15:30:23 - [MESSAGE][FAILED] - Object Object Repository/LoginRepo/Wait-Element Identify not found (Root cause: com.kms.katalon.core.exception.StepFailedException: Object Object Repository/LoginRepo/Wait-Element Identify not found
	at com.kms.katalon.core.mobile.keyword.internal.MobileKeywordMain.stepFailed(MobileKeywordMain.groovy:38)
	at com.kms.katalon.core.mobile.keyword.builtin.GetTextKeyword$_getText_closure1.doCall(GetTextKeyword.groovy:45)
	at com.kms.katalon.core.mobile.keyword.builtin.GetTextKeyword$_getText_closure1.call(GetTextKeyword.groovy)
	at com.kms.katalon.core.mobile.keyword.internal.MobileKeywordMain.runKeyword(MobileKeywordMain.groovy:19)
	at com.kms.katalon.core.mobile.keyword.builtin.GetTextKeyword.getText(GetTextKeyword.groovy:51)
	at com.kms.katalon.core.mobile.keyword.builtin.GetTextKeyword.execute(GetTextKeyword.groovy:35)
	at com.kms.katalon.core.keyword.internal.KeywordExecutor.executeKeywordForPlatform(KeywordExecutor.groovy:74)
	at com.kms.katalon.core.mobile.keyword.MobileBuiltInKeywords.getText(MobileBuiltInKeywords.groovy:1274)
	at View Ledger Currency 2024-25.run(View Ledger Currency 2024-25:37)
	at com.kms.katalon.core.main.ScriptEngine.run(ScriptEngine.java:194)
	at com.kms.katalon.core.main.ScriptEngine.runScriptAsRawText(ScriptEngine.java:119)
	at com.kms.katalon.core.main.TestCaseExecutor.runScript(TestCaseExecutor.java:448)
	at com.kms.katalon.core.main.TestCaseExecutor.doExecute(TestCaseExecutor.java:439)
	at com.kms.katalon.core.main.TestCaseExecutor.processExecutionPhase(TestCaseExecutor.java:418)
	at com.kms.katalon.core.main.TestCaseExecutor.accessMainPhase(TestCaseExecutor.java:410)
	at com.kms.katalon.core.main.TestCaseExecutor.execute(TestCaseExecutor.java:285)
	at com.kms.katalon.core.common.CommonExecutor.accessTestCaseMainPhase(CommonExecutor.java:65)
	at com.kms.katalon.core.main.TestSuiteExecutor.accessTestSuiteMainPhase(TestSuiteExecutor.java:150)
	at com.kms.katalon.core.main.TestSuiteExecutor.execute(TestSuiteExecutor.java:106)
	at com.kms.katalon.core.main.TestCaseMain.startTestSuite(TestCaseMain.java:180)
	at TempTestSuite1726135123204.run(TempTestSuite1726135123204.groovy:35)
	at java.base/jdk.internal.reflect.NativeMethodAccessorImpl.invoke0(Native Method)
	at java.base/jdk.internal.reflect.NativeMethodAccessorImpl.invoke(NativeMethodAccessorImpl.java:77)
	at java.base/jdk.internal.reflect.DelegatingMethodAccessorImpl.invoke(DelegatingMethodAccessorImpl.java:43)
)
[[ATTACHMENT|C:\\Users\\Elite66\\git\\Space-Visual\\Reports\\20240912_152843\\5 Sec\\20240912_152843\\1726135222796.png]]

12-09-2024T15:30:23 - [MESSAGE][FAILED] - Failed to get text from element (Root cause: com.kms.katalon.core.exception.StepFailedException: Failed to get text from element
	at com.kms.katalon.core.mobile.keyword.internal.MobileKeywordMain.stepFailed(MobileKeywordMain.groovy:38)
	at com.kms.katalon.core.mobile.keyword.internal.MobileKeywordMain.runKeyword(MobileKeywordMain.groovy:21)
	at com.kms.katalon.core.mobile.keyword.builtin.GetTextKeyword.getText(GetTextKeyword.groovy:51)
	at com.kms.katalon.core.mobile.keyword.builtin.GetTextKeyword.execute(GetTextKeyword.groovy:35)
	at com.kms.katalon.core.keyword.internal.KeywordExecutor.executeKeywordForPlatform(KeywordExecutor.groovy:74)
	at com.kms.katalon.core.mobile.keyword.MobileBuiltInKeywords.getText(MobileBuiltInKeywords.groovy:1274)
	at View Ledger Currency 2024-25.run(View Ledger Currency 2024-25:37)
	at com.kms.katalon.core.main.ScriptEngine.run(ScriptEngine.java:194)
	at com.kms.katalon.core.main.ScriptEngine.runScriptAsRawText(ScriptEngine.java:119)
	at com.kms.katalon.core.main.TestCaseExecutor.runScript(TestCaseExecutor.java:448)
	at com.kms.katalon.core.main.TestCaseExecutor.doExecute(TestCaseExecutor.java:439)
	at com.kms.katalon.core.main.TestCaseExecutor.processExecutionPhase(TestCaseExecutor.java:418)
	at com.kms.katalon.core.main.TestCaseExecutor.accessMainPhase(TestCaseExecutor.java:410)
	at com.kms.katalon.core.main.TestCaseExecutor.execute(TestCaseExecutor.java:285)
	at com.kms.katalon.core.common.CommonExecutor.accessTestCaseMainPhase(CommonExecutor.java:65)
	at com.kms.katalon.core.main.TestSuiteExecutor.accessTestSuiteMainPhase(TestSuiteExecutor.java:150)
	at com.kms.katalon.core.main.TestSuiteExecutor.execute(TestSuiteExecutor.java:106)
	at com.kms.katalon.core.main.TestCaseMain.startTestSuite(TestCaseMain.java:180)
	at TempTestSuite1726135123204.run(TempTestSuite1726135123204.groovy:35)
	at java.base/jdk.internal.reflect.NativeMethodAccessorImpl.invoke0(Native Method)
	at java.base/jdk.internal.reflect.NativeMethodAccessorImpl.invoke(NativeMethodAccessorImpl.java:77)
	at java.base/jdk.internal.reflect.DelegatingMethodAccessorImpl.invoke(DelegatingMethodAccessorImpl.java:43)
Caused by: com.kms.katalon.core.exception.StepFailedException: Object Object Repository/LoginRepo/Wait-Element Identify not found
	at com.kms.katalon.core.mobile.keyword.internal.MobileKeywordMain.stepFailed(MobileKeywordMain.groovy:38)
	at com.kms.katalon.core.mobile.keyword.builtin.GetTextKeyword$_getText_closure1.doCall(GetTextKeyword.groovy:45)
	at com.kms.katalon.core.mobile.keyword.builtin.GetTextKeyword$_getText_closure1.call(GetTextKeyword.groovy)
	at com.kms.katalon.core.mobile.keyword.internal.MobileKeywordMain.runKeyword(MobileKeywordMain.groovy:19)
	... 20 more
)
[[ATTACHMENT|C:\\Users\\Elite66\\git\\Space-Visual\\Reports\\20240912_152843\\5 Sec\\20240912_152843\\1726135223289.png]]]]></system-out>
         <system-err><![CDATA[12-09-2024T15:29:38 - [TEST_CASE][FAILED] - Test Cases/Ledger Report/View Ledger Currency 2024-25: Test Cases/Ledger Report/View Ledger Currency 2024-25 FAILED.
Reason:
com.kms.katalon.core.exception.StepFailedException: Failed to get text from element
	at com.kms.katalon.core.mobile.keyword.internal.MobileKeywordMain.stepFailed(MobileKeywordMain.groovy:38)
	at com.kms.katalon.core.mobile.keyword.internal.MobileKeywordMain.runKeyword(MobileKeywordMain.groovy:21)
	at com.kms.katalon.core.mobile.keyword.builtin.GetTextKeyword.getText(GetTextKeyword.groovy:51)
	at com.kms.katalon.core.mobile.keyword.builtin.GetTextKeyword.execute(GetTextKeyword.groovy:35)
	at com.kms.katalon.core.keyword.internal.KeywordExecutor.executeKeywordForPlatform(KeywordExecutor.groovy:74)
	at com.kms.katalon.core.mobile.keyword.MobileBuiltInKeywords.getText(MobileBuiltInKeywords.groovy:1274)
	at View Ledger Currency 2024-25.run(View Ledger Currency 2024-25:37)
	at com.kms.katalon.core.main.ScriptEngine.run(ScriptEngine.java:194)
	at com.kms.katalon.core.main.ScriptEngine.runScriptAsRawText(ScriptEngine.java:119)
	at com.kms.katalon.core.main.TestCaseExecutor.runScript(TestCaseExecutor.java:448)
	at com.kms.katalon.core.main.TestCaseExecutor.doExecute(TestCaseExecutor.java:439)
	at com.kms.katalon.core.main.TestCaseExecutor.processExecutionPhase(TestCaseExecutor.java:418)
	at com.kms.katalon.core.main.TestCaseExecutor.accessMainPhase(TestCaseExecutor.java:410)
	at com.kms.katalon.core.main.TestCaseExecutor.execute(TestCaseExecutor.java:285)
	at com.kms.katalon.core.common.CommonExecutor.accessTestCaseMainPhase(CommonExecutor.java:65)
	at com.kms.katalon.core.main.TestSuiteExecutor.accessTestSuiteMainPhase(TestSuiteExecutor.java:150)
	at com.kms.katalon.core.main.TestSuiteExecutor.execute(TestSuiteExecutor.java:106)
	at com.kms.katalon.core.main.TestCaseMain.startTestSuite(TestCaseMain.java:180)
	at TempTestSuite1726135123204.run(TempTestSuite1726135123204.groovy:35)
	at java.base/jdk.internal.reflect.NativeMethodAccessorImpl.invoke0(Native Method)
	at java.base/jdk.internal.reflect.NativeMethodAccessorImpl.invoke(NativeMethodAccessorImpl.java:77)
	at java.base/jdk.internal.reflect.DelegatingMethodAccessorImpl.invoke(DelegatingMethodAccessorImpl.java:43)
Caused by: com.kms.katalon.core.exception.StepFailedException: Object Object Repository/LoginRepo/Wait-Element Identify not found
	at com.kms.katalon.core.mobile.keyword.internal.MobileKeywordMain.stepFailed(MobileKeywordMain.groovy:38)
	at com.kms.katalon.core.mobile.keyword.builtin.GetTextKeyword$_getText_closure1.doCall(GetTextKeyword.groovy:45)
	at com.kms.katalon.core.mobile.keyword.builtin.GetTextKeyword$_getText_closure1.call(GetTextKeyword.groovy)
	at com.kms.katalon.core.mobile.keyword.internal.MobileKeywordMain.runKeyword(MobileKeywordMain.groovy:19)
	... 20 more]]></system-err>
      </testcase>
      <testcase name="Test Cases/Ledger Report/View Ledger Equity 2024-2025" time="49.816" classname="Test Cases/Ledger Report/View Ledger Equity 2024-2025" status="FAILED">
         <failure type="FAILED" message="Test Cases/Ledger Report/View Ledger Equity 2024-2025 FAILED.&#xa;Reason:&#xa;com.kms.katalon.core.exception.StepFailedException: Failed to get text from element&#xa;	at com.kms.katalon.core.mobile.keyword.internal.MobileKeywordMain.stepFailed(MobileKeywordMain.groovy:38)&#xa;	at com.kms.katalon.core.mobile.keyword.internal.MobileKeywordMain.runKeyword(MobileKeywordMain.groovy:21)&#xa;	at com.kms.katalon.core.mobile.keyword.builtin.GetTextKeyword.getText(GetTextKeyword.groovy:51)&#xa;	at com.kms.katalon.core.mobile.keyword.builtin.GetTextKeyword.execute(GetTextKeyword.groovy:35)&#xa;	at com.kms.katalon.core.keyword.internal.KeywordExecutor.executeKeywordForPlatform(KeywordExecutor.groovy:74)&#xa;	at com.kms.katalon.core.mobile.keyword.MobileBuiltInKeywords.getText(MobileBuiltInKeywords.groovy:1274)&#xa;	at View Ledger Equity 2024-2025.run(View Ledger Equity 2024-2025:41)&#xa;	at com.kms.katalon.core.main.ScriptEngine.run(ScriptEngine.java:194)&#xa;	at com.kms.katalon.core.main.ScriptEngine.runScriptAsRawText(ScriptEngine.java:119)&#xa;	at com.kms.katalon.core.main.TestCaseExecutor.runScript(TestCaseExecutor.java:448)&#xa;	at com.kms.katalon.core.main.TestCaseExecutor.doExecute(TestCaseExecutor.java:439)&#xa;	at com.kms.katalon.core.main.TestCaseExecutor.processExecutionPhase(TestCaseExecutor.java:418)&#xa;	at com.kms.katalon.core.main.TestCaseExecutor.accessMainPhase(TestCaseExecutor.java:410)&#xa;	at com.kms.katalon.core.main.TestCaseExecutor.execute(TestCaseExecutor.java:285)&#xa;	at com.kms.katalon.core.common.CommonExecutor.accessTestCaseMainPhase(CommonExecutor.java:65)&#xa;	at com.kms.katalon.core.main.TestSuiteExecutor.accessTestSuiteMainPhase(TestSuiteExecutor.java:150)&#xa;	at com.kms.katalon.core.main.TestSuiteExecutor.execute(TestSuiteExecutor.java:106)&#xa;	at com.kms.katalon.core.main.TestCaseMain.startTestSuite(TestCaseMain.java:180)&#xa;	at TempTestSuite1726135123204.run(TempTestSuite1726135123204.groovy:35)&#xa;	at java.base/jdk.internal.reflect.NativeMethodAccessorImpl.invoke0(Native Method)&#xa;	at java.base/jdk.internal.reflect.NativeMethodAccessorImpl.invoke(NativeMethodAccessorImpl.java:77)&#xa;	at java.base/jdk.internal.reflect.DelegatingMethodAccessorImpl.invoke(DelegatingMethodAccessorImpl.java:43)&#xa;Caused by: com.kms.katalon.core.exception.StepFailedException: Object Object Repository/LoginRepo/Wait-Element Identify not found&#xa;	at com.kms.katalon.core.mobile.keyword.internal.MobileKeywordMain.stepFailed(MobileKeywordMain.groovy:38)&#xa;	at com.kms.katalon.core.mobile.keyword.builtin.GetTextKeyword$_getText_closure1.doCall(GetTextKeyword.groovy:45)&#xa;	at com.kms.katalon.core.mobile.keyword.builtin.GetTextKeyword$_getText_closure1.call(GetTextKeyword.groovy)&#xa;	at com.kms.katalon.core.mobile.keyword.internal.MobileKeywordMain.runKeyword(MobileKeywordMain.groovy:19)&#xa;	... 20 more&#xa;"/>
         <system-out><![CDATA[12-09-2024T15:30:23 - [TEST_CASE][FAILED] - Test Cases/Ledger Report/View Ledger Equity 2024-2025: Test Cases/Ledger Report/View Ledger Equity 2024-2025 FAILED.
Reason:
com.kms.katalon.core.exception.StepFailedException: Failed to get text from element
	at com.kms.katalon.core.mobile.keyword.internal.MobileKeywordMain.stepFailed(MobileKeywordMain.groovy:38)
	at com.kms.katalon.core.mobile.keyword.internal.MobileKeywordMain.runKeyword(MobileKeywordMain.groovy:21)
	at com.kms.katalon.core.mobile.keyword.builtin.GetTextKeyword.getText(GetTextKeyword.groovy:51)
	at com.kms.katalon.core.mobile.keyword.builtin.GetTextKeyword.execute(GetTextKeyword.groovy:35)
	at com.kms.katalon.core.keyword.internal.KeywordExecutor.executeKeywordForPlatform(KeywordExecutor.groovy:74)
	at com.kms.katalon.core.mobile.keyword.MobileBuiltInKeywords.getText(MobileBuiltInKeywords.groovy:1274)
	at View Ledger Equity 2024-2025.run(View Ledger Equity 2024-2025:41)
	at com.kms.katalon.core.main.ScriptEngine.run(ScriptEngine.java:194)
	at com.kms.katalon.core.main.ScriptEngine.runScriptAsRawText(ScriptEngine.java:119)
	at com.kms.katalon.core.main.TestCaseExecutor.runScript(TestCaseExecutor.java:448)
	at com.kms.katalon.core.main.TestCaseExecutor.doExecute(TestCaseExecutor.java:439)
	at com.kms.katalon.core.main.TestCaseExecutor.processExecutionPhase(TestCaseExecutor.java:418)
	at com.kms.katalon.core.main.TestCaseExecutor.accessMainPhase(TestCaseExecutor.java:410)
	at com.kms.katalon.core.main.TestCaseExecutor.execute(TestCaseExecutor.java:285)
	at com.kms.katalon.core.common.CommonExecutor.accessTestCaseMainPhase(CommonExecutor.java:65)
	at com.kms.katalon.core.main.TestSuiteExecutor.accessTestSuiteMainPhase(TestSuiteExecutor.java:150)
	at com.kms.katalon.core.main.TestSuiteExecutor.execute(TestSuiteExecutor.java:106)
	at com.kms.katalon.core.main.TestCaseMain.startTestSuite(TestCaseMain.java:180)
	at TempTestSuite1726135123204.run(TempTestSuite1726135123204.groovy:35)
	at java.base/jdk.internal.reflect.NativeMethodAccessorImpl.invoke0(Native Method)
	at java.base/jdk.internal.reflect.NativeMethodAccessorImpl.invoke(NativeMethodAccessorImpl.java:77)
	at java.base/jdk.internal.reflect.DelegatingMethodAccessorImpl.invoke(DelegatingMethodAccessorImpl.java:43)
Caused by: com.kms.katalon.core.exception.StepFailedException: Object Object Repository/LoginRepo/Wait-Element Identify not found
	at com.kms.katalon.core.mobile.keyword.internal.MobileKeywordMain.stepFailed(MobileKeywordMain.groovy:38)
	at com.kms.katalon.core.mobile.keyword.builtin.GetTextKeyword$_getText_closure1.doCall(GetTextKeyword.groovy:45)
	at com.kms.katalon.core.mobile.keyword.builtin.GetTextKeyword$_getText_closure1.call(GetTextKeyword.groovy)
	at com.kms.katalon.core.mobile.keyword.internal.MobileKeywordMain.runKeyword(MobileKeywordMain.groovy:19)
	... 20 more


12-09-2024T15:30:23 - [TEST_STEP][PASSED] - callTestCase(findTestCase("Test Cases/Login/Login"), null, STOP_ON_FAILURE): Call Test Case 'Test Cases/Login/Login' successfully

12-09-2024T15:30:23 - [TEST_CASE][PASSED] - Test Cases/Login/Login: Test Cases/Login/Login

12-09-2024T15:30:23 - [TEST_STEP][PASSED] - projectDir = getProjectDir(): null

12-09-2024T15:30:23 - [TEST_STEP][PASSED] - startApplication(projectDir + "/SpaceApp/SpaceApp_1.0.34.55_LIVE.apk", true): Started application: 'C:\Users\Elite66\git\Space-Visual\SpaceApp\SpaceApp_1.0.34.55_LIVE.apk'

12-09-2024T15:30:23 - [MESSAGE][INFO] - Starting application: 'C:\Users\Elite66\git\Space-Visual\SpaceApp\SpaceApp_1.0.34.55_LIVE.apk'

12-09-2024T15:30:37 - [MESSAGE][PASSED] - Started application: 'C:\Users\Elite66\git\Space-Visual\SpaceApp\SpaceApp_1.0.34.55_LIVE.apk'

12-09-2024T15:30:37 - [TEST_STEP][PASSED] - delay(5): Delayed 5 second(s)

12-09-2024T15:30:42 - [MESSAGE][PASSED] - Delayed 5 second(s)

12-09-2024T15:30:42 - [TEST_STEP][PASSED] - tap(findTestObject("Object Repository/LoginRepo/click button"), 0): Tapped on element 'Object Repository/LoginRepo/click button'

12-09-2024T15:30:42 - [MESSAGE][WARNING] - Timeout '0' is invalid. Using default page load timeout: '5'

12-09-2024T15:30:43 - [MESSAGE][PASSED] - Tapped on element 'Object Repository/LoginRepo/click button'

12-09-2024T15:30:43 - [TEST_STEP][PASSED] - setText(findTestObject("Object Repository/LoginRepo/Enter id"), "m3903", 0): Text 'm3903' has been set to element 'Object Repository/LoginRepo/Enter id'

12-09-2024T15:30:43 - [MESSAGE][WARNING] - Timeout '0' is invalid. Using default page load timeout: '5'

12-09-2024T15:30:44 - [MESSAGE][PASSED] - Text 'm3903' has been set to element 'Object Repository/LoginRepo/Enter id'

12-09-2024T15:30:44 - [TEST_STEP][PASSED] - setText(findTestObject("Object Repository/LoginRepo/Enter pass"), "Nirav@789", 0): Text 'Nirav@789' has been set to element 'Object Repository/LoginRepo/Enter pass'

12-09-2024T15:30:44 - [MESSAGE][WARNING] - Timeout '0' is invalid. Using default page load timeout: '5'

12-09-2024T15:30:45 - [MESSAGE][PASSED] - Text 'Nirav@789' has been set to element 'Object Repository/LoginRepo/Enter pass'

12-09-2024T15:30:45 - [TEST_STEP][PASSED] - tap(findTestObject("Object Repository/LoginRepo/click login"), 0): Tapped on element 'Object Repository/LoginRepo/click login'

12-09-2024T15:30:45 - [MESSAGE][WARNING] - Timeout '0' is invalid. Using default page load timeout: '5'

12-09-2024T15:30:48 - [MESSAGE][PASSED] - Tapped on element 'Object Repository/LoginRepo/click login'

12-09-2024T15:30:48 - [TEST_STEP][PASSED] - tap(findTestObject("Object Repository/LoginRepo/Enter Pin"), 0): Tapped on element 'Object Repository/LoginRepo/Enter Pin'

12-09-2024T15:30:48 - [MESSAGE][WARNING] - Timeout '0' is invalid. Using default page load timeout: '5'

12-09-2024T15:30:48 - [MESSAGE][PASSED] - Tapped on element 'Object Repository/LoginRepo/Enter Pin'

12-09-2024T15:30:48 - [TEST_STEP][PASSED] - setText(findTestObject("Object Repository/LoginRepo/Enter Pin"), "1234", 0): Text '1234' has been set to element 'Object Repository/LoginRepo/Enter Pin'

12-09-2024T15:30:48 - [MESSAGE][WARNING] - Timeout '0' is invalid. Using default page load timeout: '5'

12-09-2024T15:30:50 - [MESSAGE][PASSED] - Text '1234' has been set to element 'Object Repository/LoginRepo/Enter Pin'

12-09-2024T15:30:50 - [MESSAGE][PASSED] - Call Test Case 'Test Cases/Login/Login' successfully

12-09-2024T15:30:50 - [TEST_STEP][PASSED] - tap(findTestObject("Object Repository/LoginRepo/Report Click"), 0): Tapped on element 'Object Repository/LoginRepo/Report Click'

12-09-2024T15:30:50 - [MESSAGE][WARNING] - Timeout '0' is invalid. Using default page load timeout: '5'

12-09-2024T15:30:52 - [MESSAGE][PASSED] - Tapped on element 'Object Repository/LoginRepo/Report Click'

12-09-2024T15:30:52 - [TEST_STEP][PASSED] - tap(findTestObject("Object Repository/LoginRepo/Ledger Click"), 0, CONTINUE_ON_FAILURE): Tapped on element 'Object Repository/LoginRepo/Ledger Click'

12-09-2024T15:30:52 - [MESSAGE][WARNING] - Timeout '0' is invalid. Using default page load timeout: '5'

12-09-2024T15:30:53 - [MESSAGE][PASSED] - Tapped on element 'Object Repository/LoginRepo/Ledger Click'

12-09-2024T15:30:53 - [TEST_STEP][PASSED] - tap(findTestObject("Object Repository/LoginRepo/Segment Click"), 0): Tapped on element 'Object Repository/LoginRepo/Segment Click'

12-09-2024T15:30:53 - [MESSAGE][WARNING] - Timeout '0' is invalid. Using default page load timeout: '5'

12-09-2024T15:30:53 - [MESSAGE][PASSED] - Tapped on element 'Object Repository/LoginRepo/Segment Click'

12-09-2024T15:30:53 - [TEST_STEP][PASSED] - tap(findTestObject("Object Repository/LoginRepo/Equity Report"), 0): Tapped on element 'Object Repository/LoginRepo/Equity Report'

12-09-2024T15:30:53 - [MESSAGE][WARNING] - Timeout '0' is invalid. Using default page load timeout: '5'

12-09-2024T15:30:55 - [MESSAGE][PASSED] - Tapped on element 'Object Repository/LoginRepo/Equity Report'

12-09-2024T15:30:55 - [TEST_STEP][PASSED] - tap(findTestObject("Object Repository/LoginRepo/View Ledger"), 0, CONTINUE_ON_FAILURE): Tapped on element 'Object Repository/LoginRepo/View Ledger'

12-09-2024T15:30:55 - [MESSAGE][WARNING] - Timeout '0' is invalid. Using default page load timeout: '5'

12-09-2024T15:30:55 - [MESSAGE][PASSED] - Tapped on element 'Object Repository/LoginRepo/View Ledger'

12-09-2024T15:30:55 - [TEST_STEP][PASSED] - getText(findTestObject("Object Repository/LoginRepo/Wait-Element Identify"), 0): Text of element 'Object Repository/LoginRepo/Wait-Element Identify' is: ''

12-09-2024T15:30:55 - [MESSAGE][WARNING] - Timeout '0' is invalid. Using default page load timeout: '5'

12-09-2024T15:31:01 - [MESSAGE][PASSED] - Text of element 'Object Repository/LoginRepo/Wait-Element Identify' is: ''

12-09-2024T15:31:01 - [TEST_STEP][PASSED] - tap(findTestObject("Object Repository/LoginRepo/Ledger-7days"), 0, CONTINUE_ON_FAILURE): Tapped on element 'Object Repository/LoginRepo/Ledger-7days'

12-09-2024T15:31:01 - [MESSAGE][WARNING] - Timeout '0' is invalid. Using default page load timeout: '5'

12-09-2024T15:31:02 - [MESSAGE][PASSED] - Tapped on element 'Object Repository/LoginRepo/Ledger-7days'

12-09-2024T15:31:02 - [TEST_STEP][PASSED] - getText(findTestObject("Object Repository/LoginRepo/Wait-Element Identify"), 0): Text of element 'Object Repository/LoginRepo/Wait-Element Identify' is: ''

12-09-2024T15:31:02 - [MESSAGE][WARNING] - Timeout '0' is invalid. Using default page load timeout: '5'

12-09-2024T15:31:06 - [MESSAGE][PASSED] - Text of element 'Object Repository/LoginRepo/Wait-Element Identify' is: ''

12-09-2024T15:31:06 - [TEST_STEP][PASSED] - tap(findTestObject("Object Repository/LoginRepo/Ledger-15days"), 0): Tapped on element 'Object Repository/LoginRepo/Ledger-15days'

12-09-2024T15:31:06 - [MESSAGE][WARNING] - Timeout '0' is invalid. Using default page load timeout: '5'

12-09-2024T15:31:07 - [MESSAGE][PASSED] - Tapped on element 'Object Repository/LoginRepo/Ledger-15days'

12-09-2024T15:31:07 - [TEST_STEP][FAILED] - getText(findTestObject("Object Repository/LoginRepo/Wait-Element Identify"), 0): Failed to get text from element (Root cause: com.kms.katalon.core.exception.StepFailedException: Failed to get text from element
	at com.kms.katalon.core.mobile.keyword.internal.MobileKeywordMain.stepFailed(MobileKeywordMain.groovy:38)
	at com.kms.katalon.core.mobile.keyword.internal.MobileKeywordMain.runKeyword(MobileKeywordMain.groovy:21)
	at com.kms.katalon.core.mobile.keyword.builtin.GetTextKeyword.getText(GetTextKeyword.groovy:51)
	at com.kms.katalon.core.mobile.keyword.builtin.GetTextKeyword.execute(GetTextKeyword.groovy:35)
	at com.kms.katalon.core.keyword.internal.KeywordExecutor.executeKeywordForPlatform(KeywordExecutor.groovy:74)
	at com.kms.katalon.core.mobile.keyword.MobileBuiltInKeywords.getText(MobileBuiltInKeywords.groovy:1274)
	at View Ledger Equity 2024-2025.run(View Ledger Equity 2024-2025:41)
	at com.kms.katalon.core.main.ScriptEngine.run(ScriptEngine.java:194)
	at com.kms.katalon.core.main.ScriptEngine.runScriptAsRawText(ScriptEngine.java:119)
	at com.kms.katalon.core.main.TestCaseExecutor.runScript(TestCaseExecutor.java:448)
	at com.kms.katalon.core.main.TestCaseExecutor.doExecute(TestCaseExecutor.java:439)
	at com.kms.katalon.core.main.TestCaseExecutor.processExecutionPhase(TestCaseExecutor.java:418)
	at com.kms.katalon.core.main.TestCaseExecutor.accessMainPhase(TestCaseExecutor.java:410)
	at com.kms.katalon.core.main.TestCaseExecutor.execute(TestCaseExecutor.java:285)
	at com.kms.katalon.core.common.CommonExecutor.accessTestCaseMainPhase(CommonExecutor.java:65)
	at com.kms.katalon.core.main.TestSuiteExecutor.accessTestSuiteMainPhase(TestSuiteExecutor.java:150)
	at com.kms.katalon.core.main.TestSuiteExecutor.execute(TestSuiteExecutor.java:106)
	at com.kms.katalon.core.main.TestCaseMain.startTestSuite(TestCaseMain.java:180)
	at TempTestSuite1726135123204.run(TempTestSuite1726135123204.groovy:35)
	at java.base/jdk.internal.reflect.NativeMethodAccessorImpl.invoke0(Native Method)
	at java.base/jdk.internal.reflect.NativeMethodAccessorImpl.invoke(NativeMethodAccessorImpl.java:77)
	at java.base/jdk.internal.reflect.DelegatingMethodAccessorImpl.invoke(DelegatingMethodAccessorImpl.java:43)
Caused by: com.kms.katalon.core.exception.StepFailedException: Object Object Repository/LoginRepo/Wait-Element Identify not found
	at com.kms.katalon.core.mobile.keyword.internal.MobileKeywordMain.stepFailed(MobileKeywordMain.groovy:38)
	at com.kms.katalon.core.mobile.keyword.builtin.GetTextKeyword$_getText_closure1.doCall(GetTextKeyword.groovy:45)
	at com.kms.katalon.core.mobile.keyword.builtin.GetTextKeyword$_getText_closure1.call(GetTextKeyword.groovy)
	at com.kms.katalon.core.mobile.keyword.internal.MobileKeywordMain.runKeyword(MobileKeywordMain.groovy:19)
	... 20 more
)

12-09-2024T15:31:07 - [MESSAGE][WARNING] - Timeout '0' is invalid. Using default page load timeout: '5'

12-09-2024T15:31:13 - [MESSAGE][FAILED] - Object Object Repository/LoginRepo/Wait-Element Identify not found (Root cause: com.kms.katalon.core.exception.StepFailedException: Object Object Repository/LoginRepo/Wait-Element Identify not found
	at com.kms.katalon.core.mobile.keyword.internal.MobileKeywordMain.stepFailed(MobileKeywordMain.groovy:38)
	at com.kms.katalon.core.mobile.keyword.builtin.GetTextKeyword$_getText_closure1.doCall(GetTextKeyword.groovy:45)
	at com.kms.katalon.core.mobile.keyword.builtin.GetTextKeyword$_getText_closure1.call(GetTextKeyword.groovy)
	at com.kms.katalon.core.mobile.keyword.internal.MobileKeywordMain.runKeyword(MobileKeywordMain.groovy:19)
	at com.kms.katalon.core.mobile.keyword.builtin.GetTextKeyword.getText(GetTextKeyword.groovy:51)
	at com.kms.katalon.core.mobile.keyword.builtin.GetTextKeyword.execute(GetTextKeyword.groovy:35)
	at com.kms.katalon.core.keyword.internal.KeywordExecutor.executeKeywordForPlatform(KeywordExecutor.groovy:74)
	at com.kms.katalon.core.mobile.keyword.MobileBuiltInKeywords.getText(MobileBuiltInKeywords.groovy:1274)
	at View Ledger Equity 2024-2025.run(View Ledger Equity 2024-2025:41)
	at com.kms.katalon.core.main.ScriptEngine.run(ScriptEngine.java:194)
	at com.kms.katalon.core.main.ScriptEngine.runScriptAsRawText(ScriptEngine.java:119)
	at com.kms.katalon.core.main.TestCaseExecutor.runScript(TestCaseExecutor.java:448)
	at com.kms.katalon.core.main.TestCaseExecutor.doExecute(TestCaseExecutor.java:439)
	at com.kms.katalon.core.main.TestCaseExecutor.processExecutionPhase(TestCaseExecutor.java:418)
	at com.kms.katalon.core.main.TestCaseExecutor.accessMainPhase(TestCaseExecutor.java:410)
	at com.kms.katalon.core.main.TestCaseExecutor.execute(TestCaseExecutor.java:285)
	at com.kms.katalon.core.common.CommonExecutor.accessTestCaseMainPhase(CommonExecutor.java:65)
	at com.kms.katalon.core.main.TestSuiteExecutor.accessTestSuiteMainPhase(TestSuiteExecutor.java:150)
	at com.kms.katalon.core.main.TestSuiteExecutor.execute(TestSuiteExecutor.java:106)
	at com.kms.katalon.core.main.TestCaseMain.startTestSuite(TestCaseMain.java:180)
	at TempTestSuite1726135123204.run(TempTestSuite1726135123204.groovy:35)
	at java.base/jdk.internal.reflect.NativeMethodAccessorImpl.invoke0(Native Method)
	at java.base/jdk.internal.reflect.NativeMethodAccessorImpl.invoke(NativeMethodAccessorImpl.java:77)
	at java.base/jdk.internal.reflect.DelegatingMethodAccessorImpl.invoke(DelegatingMethodAccessorImpl.java:43)
)
[[ATTACHMENT|C:\\Users\\Elite66\\git\\Space-Visual\\Reports\\20240912_152843\\5 Sec\\20240912_152843\\1726135272560.png]]

12-09-2024T15:31:13 - [MESSAGE][FAILED] - Failed to get text from element (Root cause: com.kms.katalon.core.exception.StepFailedException: Failed to get text from element
	at com.kms.katalon.core.mobile.keyword.internal.MobileKeywordMain.stepFailed(MobileKeywordMain.groovy:38)
	at com.kms.katalon.core.mobile.keyword.internal.MobileKeywordMain.runKeyword(MobileKeywordMain.groovy:21)
	at com.kms.katalon.core.mobile.keyword.builtin.GetTextKeyword.getText(GetTextKeyword.groovy:51)
	at com.kms.katalon.core.mobile.keyword.builtin.GetTextKeyword.execute(GetTextKeyword.groovy:35)
	at com.kms.katalon.core.keyword.internal.KeywordExecutor.executeKeywordForPlatform(KeywordExecutor.groovy:74)
	at com.kms.katalon.core.mobile.keyword.MobileBuiltInKeywords.getText(MobileBuiltInKeywords.groovy:1274)
	at View Ledger Equity 2024-2025.run(View Ledger Equity 2024-2025:41)
	at com.kms.katalon.core.main.ScriptEngine.run(ScriptEngine.java:194)
	at com.kms.katalon.core.main.ScriptEngine.runScriptAsRawText(ScriptEngine.java:119)
	at com.kms.katalon.core.main.TestCaseExecutor.runScript(TestCaseExecutor.java:448)
	at com.kms.katalon.core.main.TestCaseExecutor.doExecute(TestCaseExecutor.java:439)
	at com.kms.katalon.core.main.TestCaseExecutor.processExecutionPhase(TestCaseExecutor.java:418)
	at com.kms.katalon.core.main.TestCaseExecutor.accessMainPhase(TestCaseExecutor.java:410)
	at com.kms.katalon.core.main.TestCaseExecutor.execute(TestCaseExecutor.java:285)
	at com.kms.katalon.core.common.CommonExecutor.accessTestCaseMainPhase(CommonExecutor.java:65)
	at com.kms.katalon.core.main.TestSuiteExecutor.accessTestSuiteMainPhase(TestSuiteExecutor.java:150)
	at com.kms.katalon.core.main.TestSuiteExecutor.execute(TestSuiteExecutor.java:106)
	at com.kms.katalon.core.main.TestCaseMain.startTestSuite(TestCaseMain.java:180)
	at TempTestSuite1726135123204.run(TempTestSuite1726135123204.groovy:35)
	at java.base/jdk.internal.reflect.NativeMethodAccessorImpl.invoke0(Native Method)
	at java.base/jdk.internal.reflect.NativeMethodAccessorImpl.invoke(NativeMethodAccessorImpl.java:77)
	at java.base/jdk.internal.reflect.DelegatingMethodAccessorImpl.invoke(DelegatingMethodAccessorImpl.java:43)
Caused by: com.kms.katalon.core.exception.StepFailedException: Object Object Repository/LoginRepo/Wait-Element Identify not found
	at com.kms.katalon.core.mobile.keyword.internal.MobileKeywordMain.stepFailed(MobileKeywordMain.groovy:38)
	at com.kms.katalon.core.mobile.keyword.builtin.GetTextKeyword$_getText_closure1.doCall(GetTextKeyword.groovy:45)
	at com.kms.katalon.core.mobile.keyword.builtin.GetTextKeyword$_getText_closure1.call(GetTextKeyword.groovy)
	at com.kms.katalon.core.mobile.keyword.internal.MobileKeywordMain.runKeyword(MobileKeywordMain.groovy:19)
	... 20 more
)
[[ATTACHMENT|C:\\Users\\Elite66\\git\\Space-Visual\\Reports\\20240912_152843\\5 Sec\\20240912_152843\\1726135273100.png]]]]></system-out>
         <system-err><![CDATA[12-09-2024T15:30:23 - [TEST_CASE][FAILED] - Test Cases/Ledger Report/View Ledger Equity 2024-2025: Test Cases/Ledger Report/View Ledger Equity 2024-2025 FAILED.
Reason:
com.kms.katalon.core.exception.StepFailedException: Failed to get text from element
	at com.kms.katalon.core.mobile.keyword.internal.MobileKeywordMain.stepFailed(MobileKeywordMain.groovy:38)
	at com.kms.katalon.core.mobile.keyword.internal.MobileKeywordMain.runKeyword(MobileKeywordMain.groovy:21)
	at com.kms.katalon.core.mobile.keyword.builtin.GetTextKeyword.getText(GetTextKeyword.groovy:51)
	at com.kms.katalon.core.mobile.keyword.builtin.GetTextKeyword.execute(GetTextKeyword.groovy:35)
	at com.kms.katalon.core.keyword.internal.KeywordExecutor.executeKeywordForPlatform(KeywordExecutor.groovy:74)
	at com.kms.katalon.core.mobile.keyword.MobileBuiltInKeywords.getText(MobileBuiltInKeywords.groovy:1274)
	at View Ledger Equity 2024-2025.run(View Ledger Equity 2024-2025:41)
	at com.kms.katalon.core.main.ScriptEngine.run(ScriptEngine.java:194)
	at com.kms.katalon.core.main.ScriptEngine.runScriptAsRawText(ScriptEngine.java:119)
	at com.kms.katalon.core.main.TestCaseExecutor.runScript(TestCaseExecutor.java:448)
	at com.kms.katalon.core.main.TestCaseExecutor.doExecute(TestCaseExecutor.java:439)
	at com.kms.katalon.core.main.TestCaseExecutor.processExecutionPhase(TestCaseExecutor.java:418)
	at com.kms.katalon.core.main.TestCaseExecutor.accessMainPhase(TestCaseExecutor.java:410)
	at com.kms.katalon.core.main.TestCaseExecutor.execute(TestCaseExecutor.java:285)
	at com.kms.katalon.core.common.CommonExecutor.accessTestCaseMainPhase(CommonExecutor.java:65)
	at com.kms.katalon.core.main.TestSuiteExecutor.accessTestSuiteMainPhase(TestSuiteExecutor.java:150)
	at com.kms.katalon.core.main.TestSuiteExecutor.execute(TestSuiteExecutor.java:106)
	at com.kms.katalon.core.main.TestCaseMain.startTestSuite(TestCaseMain.java:180)
	at TempTestSuite1726135123204.run(TempTestSuite1726135123204.groovy:35)
	at java.base/jdk.internal.reflect.NativeMethodAccessorImpl.invoke0(Native Method)
	at java.base/jdk.internal.reflect.NativeMethodAccessorImpl.invoke(NativeMethodAccessorImpl.java:77)
	at java.base/jdk.internal.reflect.DelegatingMethodAccessorImpl.invoke(DelegatingMethodAccessorImpl.java:43)
Caused by: com.kms.katalon.core.exception.StepFailedException: Object Object Repository/LoginRepo/Wait-Element Identify not found
	at com.kms.katalon.core.mobile.keyword.internal.MobileKeywordMain.stepFailed(MobileKeywordMain.groovy:38)
	at com.kms.katalon.core.mobile.keyword.builtin.GetTextKeyword$_getText_closure1.doCall(GetTextKeyword.groovy:45)
	at com.kms.katalon.core.mobile.keyword.builtin.GetTextKeyword$_getText_closure1.call(GetTextKeyword.groovy)
	at com.kms.katalon.core.mobile.keyword.internal.MobileKeywordMain.runKeyword(MobileKeywordMain.groovy:19)
	... 20 more]]></system-err>
      </testcase>
      <testcase name="Test Cases/Ledger Report/View Ledger Future 2024-25" time="35.632" classname="Test Cases/Ledger Report/View Ledger Future 2024-25" status="FAILED">
         <failure type="FAILED" message="Test Cases/Ledger Report/View Ledger Future 2024-25 FAILED.&#xa;Reason:&#xa;com.kms.katalon.core.exception.StepFailedException: Failed to get text from element&#xa;	at com.kms.katalon.core.mobile.keyword.internal.MobileKeywordMain.stepFailed(MobileKeywordMain.groovy:38)&#xa;	at com.kms.katalon.core.mobile.keyword.internal.MobileKeywordMain.runKeyword(MobileKeywordMain.groovy:21)&#xa;	at com.kms.katalon.core.mobile.keyword.builtin.GetTextKeyword.getText(GetTextKeyword.groovy:51)&#xa;	at com.kms.katalon.core.mobile.keyword.builtin.GetTextKeyword.execute(GetTextKeyword.groovy:35)&#xa;	at com.kms.katalon.core.keyword.internal.KeywordExecutor.executeKeywordForPlatform(KeywordExecutor.groovy:74)&#xa;	at com.kms.katalon.core.mobile.keyword.MobileBuiltInKeywords.getText(MobileBuiltInKeywords.groovy:1274)&#xa;	at View Ledger Future 2024-25.run(View Ledger Future 2024-25:33)&#xa;	at com.kms.katalon.core.main.ScriptEngine.run(ScriptEngine.java:194)&#xa;	at com.kms.katalon.core.main.ScriptEngine.runScriptAsRawText(ScriptEngine.java:119)&#xa;	at com.kms.katalon.core.main.TestCaseExecutor.runScript(TestCaseExecutor.java:448)&#xa;	at com.kms.katalon.core.main.TestCaseExecutor.doExecute(TestCaseExecutor.java:439)&#xa;	at com.kms.katalon.core.main.TestCaseExecutor.processExecutionPhase(TestCaseExecutor.java:418)&#xa;	at com.kms.katalon.core.main.TestCaseExecutor.accessMainPhase(TestCaseExecutor.java:410)&#xa;	at com.kms.katalon.core.main.TestCaseExecutor.execute(TestCaseExecutor.java:285)&#xa;	at com.kms.katalon.core.common.CommonExecutor.accessTestCaseMainPhase(CommonExecutor.java:65)&#xa;	at com.kms.katalon.core.main.TestSuiteExecutor.accessTestSuiteMainPhase(TestSuiteExecutor.java:150)&#xa;	at com.kms.katalon.core.main.TestSuiteExecutor.execute(TestSuiteExecutor.java:106)&#xa;	at com.kms.katalon.core.main.TestCaseMain.startTestSuite(TestCaseMain.java:180)&#xa;	at TempTestSuite1726135123204.run(TempTestSuite1726135123204.groovy:35)&#xa;	at java.base/jdk.internal.reflect.NativeMethodAccessorImpl.invoke0(Native Method)&#xa;	at java.base/jdk.internal.reflect.NativeMethodAccessorImpl.invoke(NativeMethodAccessorImpl.java:77)&#xa;	at java.base/jdk.internal.reflect.DelegatingMethodAccessorImpl.invoke(DelegatingMethodAccessorImpl.java:43)&#xa;Caused by: com.kms.katalon.core.exception.StepFailedException: Object Object Repository/LoginRepo/Wait-Element Identify not found&#xa;	at com.kms.katalon.core.mobile.keyword.internal.MobileKeywordMain.stepFailed(MobileKeywordMain.groovy:38)&#xa;	at com.kms.katalon.core.mobile.keyword.builtin.GetTextKeyword$_getText_closure1.doCall(GetTextKeyword.groovy:45)&#xa;	at com.kms.katalon.core.mobile.keyword.builtin.GetTextKeyword$_getText_closure1.call(GetTextKeyword.groovy)&#xa;	at com.kms.katalon.core.mobile.keyword.internal.MobileKeywordMain.runKeyword(MobileKeywordMain.groovy:19)&#xa;	... 20 more&#xa;"/>
         <system-out><![CDATA[12-09-2024T15:31:13 - [TEST_CASE][FAILED] - Test Cases/Ledger Report/View Ledger Future 2024-25: Test Cases/Ledger Report/View Ledger Future 2024-25 FAILED.
Reason:
com.kms.katalon.core.exception.StepFailedException: Failed to get text from element
	at com.kms.katalon.core.mobile.keyword.internal.MobileKeywordMain.stepFailed(MobileKeywordMain.groovy:38)
	at com.kms.katalon.core.mobile.keyword.internal.MobileKeywordMain.runKeyword(MobileKeywordMain.groovy:21)
	at com.kms.katalon.core.mobile.keyword.builtin.GetTextKeyword.getText(GetTextKeyword.groovy:51)
	at com.kms.katalon.core.mobile.keyword.builtin.GetTextKeyword.execute(GetTextKeyword.groovy:35)
	at com.kms.katalon.core.keyword.internal.KeywordExecutor.executeKeywordForPlatform(KeywordExecutor.groovy:74)
	at com.kms.katalon.core.mobile.keyword.MobileBuiltInKeywords.getText(MobileBuiltInKeywords.groovy:1274)
	at View Ledger Future 2024-25.run(View Ledger Future 2024-25:33)
	at com.kms.katalon.core.main.ScriptEngine.run(ScriptEngine.java:194)
	at com.kms.katalon.core.main.ScriptEngine.runScriptAsRawText(ScriptEngine.java:119)
	at com.kms.katalon.core.main.TestCaseExecutor.runScript(TestCaseExecutor.java:448)
	at com.kms.katalon.core.main.TestCaseExecutor.doExecute(TestCaseExecutor.java:439)
	at com.kms.katalon.core.main.TestCaseExecutor.processExecutionPhase(TestCaseExecutor.java:418)
	at com.kms.katalon.core.main.TestCaseExecutor.accessMainPhase(TestCaseExecutor.java:410)
	at com.kms.katalon.core.main.TestCaseExecutor.execute(TestCaseExecutor.java:285)
	at com.kms.katalon.core.common.CommonExecutor.accessTestCaseMainPhase(CommonExecutor.java:65)
	at com.kms.katalon.core.main.TestSuiteExecutor.accessTestSuiteMainPhase(TestSuiteExecutor.java:150)
	at com.kms.katalon.core.main.TestSuiteExecutor.execute(TestSuiteExecutor.java:106)
	at com.kms.katalon.core.main.TestCaseMain.startTestSuite(TestCaseMain.java:180)
	at TempTestSuite1726135123204.run(TempTestSuite1726135123204.groovy:35)
	at java.base/jdk.internal.reflect.NativeMethodAccessorImpl.invoke0(Native Method)
	at java.base/jdk.internal.reflect.NativeMethodAccessorImpl.invoke(NativeMethodAccessorImpl.java:77)
	at java.base/jdk.internal.reflect.DelegatingMethodAccessorImpl.invoke(DelegatingMethodAccessorImpl.java:43)
Caused by: com.kms.katalon.core.exception.StepFailedException: Object Object Repository/LoginRepo/Wait-Element Identify not found
	at com.kms.katalon.core.mobile.keyword.internal.MobileKeywordMain.stepFailed(MobileKeywordMain.groovy:38)
	at com.kms.katalon.core.mobile.keyword.builtin.GetTextKeyword$_getText_closure1.doCall(GetTextKeyword.groovy:45)
	at com.kms.katalon.core.mobile.keyword.builtin.GetTextKeyword$_getText_closure1.call(GetTextKeyword.groovy)
	at com.kms.katalon.core.mobile.keyword.internal.MobileKeywordMain.runKeyword(MobileKeywordMain.groovy:19)
	... 20 more


12-09-2024T15:31:13 - [TEST_STEP][PASSED] - callTestCase(findTestCase("Test Cases/Login/Login"), null, STOP_ON_FAILURE): Call Test Case 'Test Cases/Login/Login' successfully

12-09-2024T15:31:13 - [TEST_CASE][PASSED] - Test Cases/Login/Login: Test Cases/Login/Login

12-09-2024T15:31:13 - [TEST_STEP][PASSED] - projectDir = getProjectDir(): null

12-09-2024T15:31:13 - [TEST_STEP][PASSED] - startApplication(projectDir + "/SpaceApp/SpaceApp_1.0.34.55_LIVE.apk", true): Started application: 'C:\Users\Elite66\git\Space-Visual\SpaceApp\SpaceApp_1.0.34.55_LIVE.apk'

12-09-2024T15:31:13 - [MESSAGE][INFO] - Starting application: 'C:\Users\Elite66\git\Space-Visual\SpaceApp\SpaceApp_1.0.34.55_LIVE.apk'

12-09-2024T15:31:24 - [MESSAGE][PASSED] - Started application: 'C:\Users\Elite66\git\Space-Visual\SpaceApp\SpaceApp_1.0.34.55_LIVE.apk'

12-09-2024T15:31:24 - [TEST_STEP][PASSED] - delay(5): Delayed 5 second(s)

12-09-2024T15:31:29 - [MESSAGE][PASSED] - Delayed 5 second(s)

12-09-2024T15:31:29 - [TEST_STEP][PASSED] - tap(findTestObject("Object Repository/LoginRepo/click button"), 0): Tapped on element 'Object Repository/LoginRepo/click button'

12-09-2024T15:31:29 - [MESSAGE][WARNING] - Timeout '0' is invalid. Using default page load timeout: '5'

12-09-2024T15:31:31 - [MESSAGE][PASSED] - Tapped on element 'Object Repository/LoginRepo/click button'

[...]
)
[[ATTACHMENT|C:\\Users\\Elite66\\git\\Space-Visual\\Reports\\20240912_152843\\5 Sec\\20240912_152843\\1726136258930.png]]

12-09-2024T15:47:39 - [MESSAGE][FAILED] - Failed to get text from element (Root cause: com.kms.katalon.core.exception.StepFailedException: Failed to get text from element
	at com.kms.katalon.core.mobile.keyword.internal.MobileKeywordMain.stepFailed(MobileKeywordMain.groovy:38)
	at com.kms.katalon.core.mobile.keyword.internal.MobileKeywordMain.runKeyword(MobileKeywordMain.groovy:21)
	at com.kms.katalon.core.mobile.keyword.builtin.GetTextKeyword.getText(GetTextKeyword.groovy:51)
	at com.kms.katalon.core.mobile.keyword.builtin.GetTextKeyword.execute(GetTextKeyword.groovy:35)
	at com.kms.katalon.core.keyword.internal.KeywordExecutor.executeKeywordForPlatform(KeywordExecutor.groovy:74)
	at com.kms.katalon.core.mobile.keyword.MobileBuiltInKeywords.getText(MobileBuiltInKeywords.groovy:1274)
	at Global Derivative Datewise 2023.run(Global Derivative Datewise 2023:41)
	at com.kms.katalon.core.main.ScriptEngine.run(ScriptEngine.java:194)
	at com.kms.katalon.core.main.ScriptEngine.runScriptAsRawText(ScriptEngine.java:119)
	at com.kms.katalon.core.main.TestCaseExecutor.runScript(TestCaseExecutor.java:448)
	at com.kms.katalon.core.main.TestCaseExecutor.doExecute(TestCaseExecutor.java:439)
	at com.kms.katalon.core.main.TestCaseExecutor.processExecutionPhase(TestCaseExecutor.java:418)
	at com.kms.katalon.core.main.TestCaseExecutor.accessMainPhase(TestCaseExecutor.java:410)
	at com.kms.katalon.core.main.TestCaseExecutor.execute(TestCaseExecutor.java:285)
	at com.kms.katalon.core.common.CommonExecutor.accessTestCaseMainPhase(CommonExecutor.java:65)
	at com.kms.katalon.core.main.TestSuiteExecutor.accessTestSuiteMainPhase(TestSuiteExecutor.java:150)
	at com.kms.katalon.core.main.TestSuiteExecutor.execute(TestSuiteExecutor.java:106)
	at com.kms.katalon.core.main.TestCaseMain.startTestSuite(TestCaseMain.java:180)
	at TempTestSuite1726135123204.run(TempTestSuite1726135123204.groovy:35)
	at java.base/jdk.internal.reflect.NativeMethodAccessorImpl.invoke0(Native Method)
	at java.base/jdk.internal.reflect.NativeMethodAccessorImpl.invoke(NativeMethodAccessorImpl.java:77)
	at java.base/jdk.internal.reflect.DelegatingMethodAccessorImpl.invoke(DelegatingMethodAccessorImpl.java:43)
Caused by: com.kms.katalon.core.exception.StepFailedException: Object Object Repository/LoginRepo/Global Share Verify not found
	at com.kms.katalon.core.mobile.keyword.internal.MobileKeywordMain.stepFailed(MobileKeywordMain.groovy:38)
	at com.kms.katalon.core.mobile.keyword.builtin.GetTextKeyword$_getText_closure1.doCall(GetTextKeyword.groovy:45)
	at com.kms.katalon.core.mobile.keyword.builtin.GetTextKeyword$_getText_closure1.call(GetTextKeyword.groovy)
	at com.kms.katalon.core.mobile.keyword.internal.MobileKeywordMain.runKeyword(MobileKeywordMain.groovy:19)
	... 20 more
)
[[ATTACHMENT|C:\\Users\\Elite66\\git\\Space-Visual\\Reports\\20240912_152843\\5 Sec\\20240912_152843\\1726136259302.png]]]]></system-out>
         <system-err><![CDATA[12-09-2024T15:46:54 - [TEST_CASE][FAILED] - Test Cases/Global Report/Global Derivative Datewise 2023: Test Cases/Global Report/Global Derivative Datewise 2023 FAILED.
Reason:
com.kms.katalon.core.exception.StepFailedException: Failed to get text from element
	at com.kms.katalon.core.mobile.keyword.internal.MobileKeywordMain.stepFailed(MobileKeywordMain.groovy:38)
	at com.kms.katalon.core.mobile.keyword.internal.MobileKeywordMain.runKeyword(MobileKeywordMain.groovy:21)
	at com.kms.katalon.core.mobile.keyword.builtin.GetTextKeyword.getText(GetTextKeyword.groovy:51)
	at com.kms.katalon.core.mobile.keyword.builtin.GetTextKeyword.execute(GetTextKeyword.groovy:35)
	at com.kms.katalon.core.keyword.internal.KeywordExecutor.executeKeywordForPlatform(KeywordExecutor.groovy:74)
	at com.kms.katalon.core.mobile.keyword.MobileBuiltInKeywords.getText(MobileBuiltInKeywords.groovy:1274)
	at Global Derivative Datewise 2023.run(Global Derivative Datewise 2023:41)
	at com.kms.katalon.core.main.ScriptEngine.run(ScriptEngine.java:194)
	at com.kms.katalon.core.main.ScriptEngine.runScriptAsRawText(ScriptEngine.java:119)
	at com.kms.katalon.core.main.TestCaseExecutor.runScript(TestCaseExecutor.java:448)
	at com.kms.katalon.core.main.TestCaseExecutor.doExecute(TestCaseExecutor.java:439)
	at com.kms.katalon.core.main.TestCaseExecutor.processExecutionPhase(TestCaseExecutor.java:418)
	at com.kms.katalon.core.main.TestCaseExecutor.accessMainPhase(TestCaseExecutor.java:410)
	at com.kms.katalon.core.main.TestCaseExecutor.execute(TestCaseExecutor.java:285)
	at com.kms.katalon.core.common.CommonExecutor.accessTestCaseMainPhase(CommonExecutor.java:65)
	at com.kms.katalon.core.main.TestSuiteExecutor.accessTestSuiteMainPhase(TestSuiteExecutor.java:150)
	at com.kms.katalon.core.main.TestSuiteExecutor.execute(TestSuiteExecutor.java:106)
	at com.kms.katalon.core.main.TestCaseMain.startTestSuite(TestCaseMain.java:180)
	at TempTestSuite1726135123204.run(TempTestSuite1726135123204.groovy:35)
	at java.base/jdk.internal.reflect.NativeMethodAccessorImpl.invoke0(Native Method)
	at java.base/jdk.internal.reflect.NativeMethodAccessorImpl.invoke(NativeMethodAccessorImpl.java:77)
	at java.base/jdk.internal.reflect.DelegatingMethodAccessorImpl.invoke(DelegatingMethodAccessorImpl.java:43)
Caused by: com.kms.katalon.core.exception.StepFailedException: Object Object Repository/LoginRepo/Global Share Verify not found
	at com.kms.katalon.core.mobile.keyword.internal.MobileKeywordMain.stepFailed(MobileKeywordMain.groovy:38)
	at com.kms.katalon.core.mobile.keyword.builtin.GetTextKeyword$_getText_closure1.doCall(GetTextKeyword.groovy:45)
	at com.kms.katalon.core.mobile.keyword.builtin.GetTextKeyword$_getText_closure1.call(GetTextKeyword.groovy)
	at com.kms.katalon.core.mobile.keyword.internal.MobileKeywordMain.runKeyword(MobileKeywordMain.groovy:19)
	... 20 more]]></system-err>
      </testcase>
      <testcase name="Test Cases/Tax PL/Tax Currency 2023" time="46.56" classname="Test Cases/Tax PL/Tax Currency 2023" status="PASSED">
         <system-out><![CDATA[12-09-2024T15:47:39 - [TEST_CASE][PASSED] - Test Cases/Tax PL/Tax Currency 2023: Test Cases/Tax PL/Tax Currency 2023

12-09-2024T15:47:39 - [TEST_STEP][PASSED] - callTestCase(findTestCase("Test Cases/Login/Login"), null, STOP_ON_FAILURE): Call Test Case 'Test Cases/Login/Login' successfully

12-09-2024T15:47:39 - [TEST_CASE][PASSED] - Test Cases/Login/Login: Test Cases/Login/Login

12-09-2024T15:47:39 - [TEST_STEP][PASSED] - projectDir = getProjectDir(): null

12-09-2024T15:47:39 - [TEST_STEP][PASSED] - startApplication(projectDir + "/SpaceApp/SpaceApp_1.0.34.55_LIVE.apk", true): Started application: 'C:\Users\Elite66\git\Space-Visual\SpaceApp\SpaceApp_1.0.34.55_LIVE.apk'

12-09-2024T15:47:39 - [MESSAGE][INFO] - Starting application: 'C:\Users\Elite66\git\Space-Visual\SpaceApp\SpaceApp_1.0.34.55_LIVE.apk'

12-09-2024T15:47:54 - [MESSAGE][PASSED] - Started application: 'C:\Users\Elite66\git\Space-Visual\SpaceApp\SpaceApp_1.0.34.55_LIVE.apk'

12-09-2024T15:47:54 - [TEST_STEP][PASSED] - delay(5): Delayed 5 second(s)

12-09-2024T15:47:59 - [MESSAGE][PASSED] - Delayed 5 second(s)

12-09-2024T15:47:59 - [TEST_STEP][PASSED] - tap(findTestObject("Object Repository/LoginRepo/click button"), 0): Tapped on element 'Object Repository/LoginRepo/click button'

12-09-2024T15:47:59 - [MESSAGE][WARNING] - Timeout '0' is invalid. Using default page load timeout: '5'

12-09-2024T15:48:00 - [MESSAGE][PASSED] - Tapped on element 'Object Repository/LoginRepo/click button'

12-09-2024T15:48:00 - [TEST_STEP][PASSED] - setText(findTestObject("Object Repository/LoginRepo/Enter id"), "m3903", 0): Text 'm3903' has been set to element 'Object Repository/LoginRepo/Enter id'

12-09-2024T15:48:00 - [MESSAGE][WARNING] - Timeout '0' is invalid. Using default page load timeout: '5'

12-09-2024T15:48:02 - [MESSAGE][PASSED] - Text 'm3903' has been set to element 'Object Repository/LoginRepo/Enter id'

12-09-2024T15:48:02 - [TEST_STEP][PASSED] - setText(findTestObject("Object Repository/LoginRepo/Enter pass"), "Nirav@789", 0): Text 'Nirav@789' has been set to element 'Object Repository/LoginRepo/Enter pass'

12-09-2024T15:48:02 - [MESSAGE][WARNING] - Timeout '0' is invalid. Using default page load timeout: '5'

12-09-2024T15:48:04 - [MESSAGE][PASSED] - Text 'Nirav@789' has been set to element 'Object Repository/LoginRepo/Enter pass'

12-09-2024T15:48:04 - [TEST_STEP][PASSED] - tap(findTestObject("Object Repository/LoginRepo/click login"), 0): Tapped on element 'Object Repository/LoginRepo/click login'

12-09-2024T15:48:04 - [MESSAGE][WARNING] - Timeout '0' is invalid. Using default page load timeout: '5'

12-09-2024T15:48:05 - [MESSAGE][PASSED] - Tapped on element 'Object Repository/LoginRepo/click login'

12-09-2024T15:48:05 - [TEST_STEP][PASSED] - tap(findTestObject("Object Repository/LoginRepo/Enter Pin"), 0): Tapped on element 'Object Repository/LoginRepo/Enter Pin'

12-09-2024T15:48:05 - [MESSAGE][WARNING] - Timeout '0' is invalid. Using default page load timeout: '5'

12-09-2024T15:48:08 - [MESSAGE][PASSED] - Tapped on element 'Object Repository/LoginRepo/Enter Pin'

12-09-2024T15:48:08 - [TEST_STEP][PASSED] - setText(findTestObject("Object Repository/LoginRepo/Enter Pin"), "1234", 0): Text '1234' has been set to element 'Object Repository/LoginRepo/Enter Pin'

12-09-2024T15:48:08 - [MESSAGE][WARNING] - Timeout '0' is invalid. Using default page load timeout: '5'

12-09-2024T15:48:11 - [MESSAGE][PASSED] - Text '1234' has been set to element 'Object Repository/LoginRepo/Enter Pin'

12-09-2024T15:48:11 - [MESSAGE][PASSED] - Call Test Case 'Test Cases/Login/Login' successfully

12-09-2024T15:48:11 - [TEST_STEP][PASSED] - tap(findTestObject("Object Repository/LoginRepo/Report Click"), 0): Tapped on element 'Object Repository/LoginRepo/Report Click'

12-09-2024T15:48:11 - [MESSAGE][WARNING] - Timeout '0' is invalid. Using default page load timeout: '5'

12-09-2024T15:48:13 - [MESSAGE][PASSED] - Tapped on element 'Object Repository/LoginRepo/Report Click'

12-09-2024T15:48:13 - [TEST_STEP][PASSED] - tap(findTestObject("Object Repository/LoginRepo/Tax Click"), 0, CONTINUE_ON_FAILURE): Tapped on element 'Object Repository/LoginRepo/Tax Click'

12-09-2024T15:48:13 - [MESSAGE][WARNING] - Timeout '0' is invalid. Using default page load timeout: '5'

12-09-2024T15:48:14 - [MESSAGE][PASSED] - Tapped on element 'Object Repository/LoginRepo/Tax Click'

12-09-2024T15:48:14 - [TEST_STEP][PASSED] - tap(findTestObject("Object Repository/LoginRepo/Global Equity Click"), 0, CONTINUE_ON_FAILURE): Tapped on element 'Object Repository/LoginRepo/Global Equity Click'

12-09-2024T15:48:14 - [MESSAGE][WARNING] - Timeout '0' is invalid. Using default page load timeout: '5'

12-09-2024T15:48:15 - [MESSAGE][PASSED] - Tapped on element 'Object Repository/LoginRepo/Global Equity Click'

12-09-2024T15:48:15 - [TEST_STEP][PASSED] - tap(findTestObject("Object Repository/LoginRepo/Tax Currency Click"), 0): Tapped on element 'Object Repository/LoginRepo/Tax Currency Click'

12-09-2024T15:48:15 - [MESSAGE][WARNING] - Timeout '0' is invalid. Using default page load timeout: '5'

12-09-2024T15:48:16 - [MESSAGE][PASSED] - Tapped on element 'Object Repository/LoginRepo/Tax Currency Click'

12-09-2024T15:48:16 - [TEST_STEP][PASSED] - tap(findTestObject("Object Repository/LoginRepo/Ledger-2024-2025"), 0, CONTINUE_ON_FAILURE): Tapped on element 'Object Repository/LoginRepo/Ledger-2024-2025'

12-09-2024T15:48:16 - [MESSAGE][WARNING] - Timeout '0' is invalid. Using default page load timeout: '5'

12-09-2024T15:48:16 - [MESSAGE][PASSED] - Tapped on element 'Object Repository/LoginRepo/Ledger-2024-2025'

12-09-2024T15:48:16 - [TEST_STEP][PASSED] - tap(findTestObject("Object Repository/LoginRepo/Ledger-2023-2024"), 0, CONTINUE_ON_FAILURE): Tapped on element 'Object Repository/LoginRepo/Ledger-2023-2024'

12-09-2024T15:48:16 - [MESSAGE][WARNING] - Timeout '0' is invalid. Using default page load timeout: '5'

12-09-2024T15:48:18 - [MESSAGE][PASSED] - Tapped on element 'Object Repository/LoginRepo/Ledger-2023-2024'

12-09-2024T15:48:18 - [TEST_STEP][PASSED] - tap(findTestObject("Object Repository/LoginRepo/Ledger-Share"), 0): Tapped on element 'Object Repository/LoginRepo/Ledger-Share'

12-09-2024T15:48:18 - [MESSAGE][WARNING] - Timeout '0' is invalid. Using default page load timeout: '5'

12-09-2024T15:48:19 - [MESSAGE][PASSED] - Tapped on element 'Object Repository/LoginRepo/Ledger-Share'

12-09-2024T15:48:19 - [TEST_STEP][PASSED] - tap(findTestObject("Object Repository/LoginRepo/Tax Share Verify"), 0): Tapped on element 'Object Repository/LoginRepo/Tax Share Verify'

12-09-2024T15:48:19 - [MESSAGE][WARNING] - Timeout '0' is invalid. Using default page load timeout: '5'

12-09-2024T15:48:23 - [MESSAGE][PASSED] - Tapped on element 'Object Repository/LoginRepo/Tax Share Verify'

12-09-2024T15:48:23 - [TEST_STEP][PASSED] - tap(findTestObject("Object Repository/LoginRepo/Ledger-Share-Back"), 0): Tapped on element 'Object Repository/LoginRepo/Ledger-Share-Back'

12-09-2024T15:48:23 - [MESSAGE][WARNING] - Timeout '0' is invalid. Using default page load timeout: '5'

12-09-2024T15:48:24 - [MESSAGE][PASSED] - Tapped on element 'Object Repository/LoginRepo/Ledger-Share-Back'

12-09-2024T15:48:24 - [TEST_STEP][PASSED] - tap(findTestObject("Object Repository/LoginRepo/Ledger-Mail-Send"), 0): Tapped on element 'Object Repository/LoginRepo/Ledger-Mail-Send'

12-09-2024T15:48:24 - [MESSAGE][WARNING] - Timeout '0' is invalid. Using default page load timeout: '5'

12-09-2024T15:48:24 - [MESSAGE][PASSED] - Tapped on element 'Object Repository/LoginRepo/Ledger-Mail-Send'

12-09-2024T15:48:24 - [TEST_STEP][PASSED] - tap(findTestObject("Object Repository/LoginRepo/Ledger-ToastMsg"), 0): Tapped on element 'Object Repository/LoginRepo/Ledger-ToastMsg'

12-09-2024T15:48:24 - [MESSAGE][WARNING] - Timeout '0' is invalid. Using default page load timeout: '5'

12-09-2024T15:48:26 - [MESSAGE][PASSED] - Tapped on element 'Object Repository/LoginRepo/Ledger-ToastMsg']]></system-out>
         <system-err><![CDATA[]]></system-err>
      </testcase>
      <system-out><![CDATA[12-09-2024T15:28:49 - [TEST_SUITE][FAILED] - 5 Sec: Test Cases/Ledger Report/View Ledger Commodity 2024-25 FAILED.
Reason:
com.kms.katalon.core.exception.StepFailedException: Failed to get text from element
	at com.kms.katalon.core.mobile.keyword.internal.MobileKeywordMain.stepFailed(MobileKeywordMain.groovy:38)
	at com.kms.katalon.core.mobile.keyword.internal.MobileKeywordMain.runKeyword(MobileKeywordMain.groovy:21)
	at com.kms.katalon.core.mobile.keyword.builtin.GetTextKeyword.getText(GetTextKeyword.groovy:51)
	at com.kms.katalon.core.mobile.keyword.builtin.GetTextKeyword.execute(GetTextKeyword.groovy:35)
	at com.kms.katalon.core.keyword.internal.KeywordExecutor.executeKeywordForPlatform(KeywordExecutor.groovy:74)
	at com.kms.katalon.core.mobile.keyword.MobileBuiltInKeywords.getText(MobileBuiltInKeywords.groovy:1274)
	at View Ledger Commodity 2024-25.run(View Ledger Commodity 2024-25:37)
	at com.kms.katalon.core.main.ScriptEngine.run(ScriptEngine.java:194)
	at com.kms.katalon.core.main.ScriptEngine.runScriptAsRawText(ScriptEngine.java:119)
	at com.kms.katalon.core.main.TestCaseExecutor.runScript(TestCaseExecutor.java:448)
	at com.kms.katalon.core.main.TestCaseExecutor.doExecute(TestCaseExecutor.java:439)
	at com.kms.katalon.core.main.TestCaseExecutor.processExecutionPhase(TestCaseExecutor.java:418)
	at com.kms.katalon.core.main.TestCaseExecutor.accessMainPhase(TestCaseExecutor.java:410)
	at com.kms.katalon.core.main.TestCaseExecutor.execute(TestCaseExecutor.java:285)
	at com.kms.katalon.core.common.CommonExecutor.accessTestCaseMainPhase(CommonExecutor.java:65)
	at com.kms.katalon.core.main.TestSuiteExecutor.accessTestSuiteMainPhase(TestSuiteExecutor.java:150)
	at com.kms.katalon.core.main.TestSuiteExecutor.execute(TestSuiteExecutor.java:106)
	at com.kms.katalon.core.main.TestCaseMain.startTestSuite(TestCaseMain.java:180)
	at TempTestSuite1726135123204.run(TempTestSuite1726135123204.groovy:35)
	at java.base/jdk.internal.reflect.NativeMethodAccessorImpl.invoke0(Native Method)
	at java.base/jdk.internal.reflect.NativeMethodAccessorImpl.invoke(NativeMethodAccessorImpl.java:77)
	at java.base/jdk.internal.reflect.DelegatingMethodAccessorImpl.invoke(DelegatingMethodAccessorImpl.java:43)
Caused by: com.kms.katalon.core.exception.StepFailedException: Object Object Repository/LoginRepo/Wait-Element Identify not found
	at com.kms.katalon.core.mobile.keyword.internal.MobileKeywordMain.stepFailed(MobileKeywordMain.groovy:38)
	at com.kms.katalon.core.mobile.keyword.builtin.GetTextKeyword$_getText_closure1.doCall(GetTextKeyword.groovy:45)
	at com.kms.katalon.core.mobile.keyword.builtin.GetTextKeyword$_getText_closure1.call(GetTextKeyword.groovy)
	at com.kms.katalon.core.mobile.keyword.internal.MobileKeywordMain.runKeyword(MobileKeywordMain.groovy:19)
	... 20 more]]></system-out>
      <system-err><![CDATA[12-09-2024T15:28:49 - [TEST_SUITE][FAILED] - 5 Sec: Test Cases/Ledger Report/View Ledger Commodity 2024-25 FAILED.
Reason:
com.kms.katalon.core.exception.StepFailedException: Failed to get text from element
	at com.kms.katalon.core.mobile.keyword.internal.MobileKeywordMain.stepFailed(MobileKeywordMain.groovy:38)
	at com.kms.katalon.core.mobile.keyword.internal.MobileKeywordMain.runKeyword(MobileKeywordMain.groovy:21)
	at com.kms.katalon.core.mobile.keyword.builtin.GetTextKeyword.getText(GetTextKeyword.groovy:51)
	at com.kms.katalon.core.mobile.keyword.builtin.GetTextKeyword.execute(GetTextKeyword.groovy:35)
	at com.kms.katalon.core.keyword.internal.KeywordExecutor.executeKeywordForPlatform(KeywordExecutor.groovy:74)
	at com.kms.katalon.core.mobile.keyword.MobileBuiltInKeywords.getText(MobileBuiltInKeywords.groovy:1274)
	at View Ledger Commodity 2024-25.run(View Ledger Commodity 2024-25:37)
	at com.kms.katalon.core.main.ScriptEngine.run(ScriptEngine.java:194)
	at com.kms.katalon.core.main.ScriptEngine.runScriptAsRawText(ScriptEngine.java:119)
	at com.kms.katalon.core.main.TestCaseExecutor.runScript(TestCaseExecutor.java:448)
	at com.kms.katalon.core.main.TestCaseExecutor.doExecute(TestCaseExecutor.java:439)
	at com.kms.katalon.core.main.TestCaseExecutor.processExecutionPhase(TestCaseExecutor.java:418)
	at com.kms.katalon.core.main.TestCaseExecutor.accessMainPhase(TestCaseExecutor.java:410)
	at com.kms.katalon.core.main.TestCaseExecutor.execute(TestCaseExecutor.java:285)
	at com.kms.katalon.core.common.CommonExecutor.accessTestCaseMainPhase(CommonExecutor.java:65)
	at com.kms.katalon.core.main.TestSuiteExecutor.accessTestSuiteMainPhase(TestSuiteExecutor.java:150)
	at com.kms.katalon.core.main.TestSuiteExecutor.execute(TestSuiteExecutor.java:106)
	at com.kms.katalon.core.main.TestCaseMain.startTestSuite(TestCaseMain.java:180)
	at TempTestSuite1726135123204.run(TempTestSuite1726135123204.groovy:35)
	at java.base/jdk.internal.reflect.NativeMethodAccessorImpl.invoke0(Native Method)
	at java.base/jdk.internal.reflect.NativeMethodAccessorImpl.invoke(NativeMethodAccessorImpl.java:77)
	at java.base/jdk.internal.reflect.DelegatingMethodAccessorImpl.invoke(DelegatingMethodAccessorImpl.java:43)
Caused by: com.kms.katalon.core.exception.StepFailedException: Object Object Repository/LoginRepo/Wait-Element Identify not found
	at com.kms.katalon.core.mobile.keyword.internal.MobileKeywordMain.stepFailed(MobileKeywordMain.groovy:38)
	at com.kms.katalon.core.mobile.keyword.builtin.GetTextKeyword$_getText_closure1.doCall(GetTextKeyword.groovy:45)
	at com.kms.katalon.core.mobile.keyword.builtin.GetTextKeyword$_getText_closure1.call(GetTextKeyword.groovy)
	at com.kms.katalon.core.mobile.keyword.internal.MobileKeywordMain.runKeyword(MobileKeywordMain.groovy:19)
	... 20 more]]></system-err>
   </testsuite>
</testsuites>
